[2026-04-19 14:30:36] [Thread:140623538939712] [INFO] [/home/zt/server/tcp_server/src/net/server.cpp:32] ========================================
[2026-04-19 14:30:36] [Thread:140623538939712] [INFO] [/home/zt/server/tcp_server/src/net/server.cpp:33]   TCP Server Initializing
[2026-04-19 14:30:36] [Thread:140623538939712] [INFO] [/home/zt/server/tcp_server/src/net/server.cpp:34] ========================================
[2026-04-19 14:30:36] [Thread:140623538939712] [INFO] [/home/zt/server/tcp_server/src/net/server.cpp:35] Listen IP: 0.0.0.0
[2026-04-19 14:30:36] [Thread:140623538939712] [INFO] [/home/zt/server/tcp_server/src/net/server.cpp:36] Listen Port: 8888
[2026-04-19 14:30:36] [Thread:140623538939712] [INFO] [/home/zt/server/tcp_server/src/net/server.cpp:37] Backlog: 128
[2026-04-19 14:30:36] [Thread:140623538939712] [INFO] [/home/zt/server/tcp_server/src/net/server.cpp:38] Max Connections: 100000
[2026-04-19 14:30:36] [Thread:140623538939712] [INFO] [/home/zt/server/tcp_server/src/net/server.cpp:39] Heartbeat Timeout: 60000ms
[2026-04-19 14:30:36] [Thread:140623538939712] [INFO] [/home/zt/server/tcp_server/src/net/server.cpp:40] ========================================
[2026-04-19 14:30:36] [Thread:140623538939712] [INFO] [/home/zt/server/tcp_server/src/net/socket.cpp:48] Socket created: fd=4
[2026-04-19 14:30:36] [Thread:140623538939712] [INFO] [/home/zt/server/tcp_server/src/net/socket.cpp:69] Socket bound: 0.0.0.0:8888
[2026-04-19 14:30:36] [Thread:140623538939712] [INFO] [/home/zt/server/tcp_server/src/net/socket.cpp:76] Socket listening: backlog=128
[2026-04-19 14:30:36] [Thread:140623538939712] [INFO] [/home/zt/server/tcp_server/src/net/server.cpp:50] Server listening on 0.0.0.0:8888
[2026-04-19 14:30:36] [Thread:140623538939712] [INFO] [/home/zt/server/tcp_server/src/net/epoll.cpp:32] Epoll created: fd=5, max_events=102400
[2026-04-19 14:30:36] [Thread:140623538939712] [INFO] [/home/zt/server/tcp_server/src/net/event_loop.cpp:25] EventLoop started in thread: 12030471235708294311
[2026-04-19 14:36:26] [Thread:139914725254976] [INFO] [/home/zt/server/tcp_server/src/net/server.cpp:32] ========================================
[2026-04-19 14:36:26] [Thread:139914725254976] [INFO] [/home/zt/server/tcp_server/src/net/server.cpp:33]   TCP Server Initializing
[2026-04-19 14:36:26] [Thread:139914725254976] [INFO] [/home/zt/server/tcp_server/src/net/server.cpp:34] ========================================
[2026-04-19 14:36:26] [Thread:139914725254976] [INFO] [/home/zt/server/tcp_server/src/net/server.cpp:35] Listen IP: 0.0.0.0
[2026-04-19 14:36:26] [Thread:139914725254976] [INFO] [/home/zt/server/tcp_server/src/net/server.cpp:36] Listen Port: 8888
[2026-04-19 14:36:26] [Thread:139914725254976] [INFO] [/home/zt/server/tcp_server/src/net/server.cpp:37] Backlog: 128
[2026-04-19 14:36:26] [Thread:139914725254976] [INFO] [/home/zt/server/tcp_server/src/net/server.cpp:38] Max Connections: 100000
[2026-04-19 14:36:26] [Thread:139914725254976] [INFO] [/home/zt/server/tcp_server/src/net/server.cpp:39] Heartbeat Timeout: 60000ms
[2026-04-19 14:36:26] [Thread:139914725254976] [INFO] [/home/zt/server/tcp_server/src/net/server.cpp:40] ========================================
[2026-04-19 14:36:26] [Thread:139914725254976] [INFO] [/home/zt/server/tcp_server/src/net/socket.cpp:48] Socket created: fd=4
[2026-04-19 14:36:26] [Thread:139914725254976] [INFO] [/home/zt/server/tcp_server/src/net/socket.cpp:69] Socket bound: 0.0.0.0:8888
[2026-04-19 14:36:26] [Thread:139914725254976] [INFO] [/home/zt/server/tcp_server/src/net/socket.cpp:76] Socket listening: backlog=128
[2026-04-19 14:36:26] [Thread:139914725254976] [INFO] [/home/zt/server/tcp_server/src/net/server.cpp:50] Server listening on 0.0.0.0:8888
[2026-04-19 14:36:26] [Thread:139914725254976] [INFO] [/home/zt/server/tcp_server/src/net/epoll.cpp:32] Epoll created: fd=5, max_events=102400
[2026-04-19 14:36:26] [Thread:139914725254976] [INFO] [/home/zt/server/tcp_server/src/net/event_loop.cpp:25] EventLoop started in thread: 7939468871497654392
[2026-04-19 15:08:10] [Thread:140702021592896] [INFO] [/home/zt/server/tcp_server/src/net/server.cpp:32] ========================================
[2026-04-19 15:08:10] [Thread:140702021592896] [INFO] [/home/zt/server/tcp_server/src/net/server.cpp:33]   TCP Server Initializing
[2026-04-19 15:08:10] [Thread:140702021592896] [INFO] [/home/zt/server/tcp_server/src/net/server.cpp:34] ========================================
[2026-04-19 15:08:10] [Thread:140702021592896] [INFO] [/home/zt/server/tcp_server/src/net/server.cpp:35] Listen IP: 0.0.0.0
[2026-04-19 15:08:10] [Thread:140702021592896] [INFO] [/home/zt/server/tcp_server/src/net/server.cpp:36] Listen Port: 8888
[2026-04-19 15:08:10] [Thread:140702021592896] [INFO] [/home/zt/server/tcp_server/src/net/server.cpp:37] Backlog: 128
[2026-04-19 15:08:10] [Thread:140702021592896] [INFO] [/home/zt/server/tcp_server/src/net/server.cpp:38] Max Connections: 100000
[2026-04-19 15:08:10] [Thread:140702021592896] [INFO] [/home/zt/server/tcp_server/src/net/server.cpp:39] Heartbeat Timeout: 60000ms
[2026-04-19 15:08:10] [Thread:140702021592896] [INFO] [/home/zt/server/tcp_server/src/net/server.cpp:40] ========================================
[2026-04-19 15:08:10] [Thread:140702021592896] [INFO] [/home/zt/server/tcp_server/src/net/socket.cpp:48] Socket created: fd=4
[2026-04-19 15:08:10] [Thread:140702021592896] [INFO] [/home/zt/server/tcp_server/src/net/socket.cpp:69] Socket bound: 0.0.0.0:8888
[2026-04-19 15:08:10] [Thread:140702021592896] [INFO] [/home/zt/server/tcp_server/src/net/socket.cpp:76] Socket listening: backlog=128
[2026-04-19 15:08:10] [Thread:140702021592896] [INFO] [/home/zt/server/tcp_server/src/net/server.cpp:50] Server listening on 0.0.0.0:8888
[2026-04-19 15:08:10] [Thread:140702021592896] [INFO] [/home/zt/server/tcp_server/src/net/epoll.cpp:32] Epoll created: fd=5, max_events=102400
[2026-04-19 15:08:10] [Thread:140702021592896] [INFO] [/home/zt/server/tcp_server/src/net/event_loop.cpp:25] EventLoop started in thread: 11467648228489394297
[2026-04-19 16:10:14] [Thread:140505293784896] [INFO] [/home/zt/server/tcp_server/src/net/server.cpp:32] ========================================
[2026-04-19 16:10:14] [Thread:140505293784896] [INFO] [/home/zt/server/tcp_server/src/net/server.cpp:33]   TCP Server Initializing
[2026-04-19 16:10:14] [Thread:140505293784896] [INFO] [/home/zt/server/tcp_server/src/net/server.cpp:34] ========================================
[2026-04-19 16:10:14] [Thread:140505293784896] [INFO] [/home/zt/server/tcp_server/src/net/server.cpp:35] Listen IP: 0.0.0.0
[2026-04-19 16:10:14] [Thread:140505293784896] [INFO] [/home/zt/server/tcp_server/src/net/server.cpp:36] Listen Port: 8888
[2026-04-19 16:10:14] [Thread:140505293784896] [INFO] [/home/zt/server/tcp_server/src/net/server.cpp:37] Backlog: 128
[2026-04-19 16:10:14] [Thread:140505293784896] [INFO] [/home/zt/server/tcp_server/src/net/server.cpp:38] Max Connections: 100000
[2026-04-19 16:10:14] [Thread:140505293784896] [INFO] [/home/zt/server/tcp_server/src/net/server.cpp:39] Heartbeat Timeout: 60000ms
[2026-04-19 16:10:14] [Thread:140505293784896] [INFO] [/home/zt/server/tcp_server/src/net/server.cpp:40] ========================================
[2026-04-19 16:10:14] [Thread:140505293784896] [INFO] [/home/zt/server/tcp_server/src/net/socket.cpp:48] Socket created: fd=4
[2026-04-19 16:10:14] [Thread:140505293784896] [INFO] [/home/zt/server/tcp_server/src/net/socket.cpp:69] Socket bound: 0.0.0.0:8888
[2026-04-19 16:10:14] [Thread:140505293784896] [INFO] [/home/zt/server/tcp_server/src/net/socket.cpp:76] Socket listening: backlog=128
[2026-04-19 16:10:14] [Thread:140505293784896] [INFO] [/home/zt/server/tcp_server/src/net/server.cpp:50] Server listening on 0.0.0.0:8888
[2026-04-19 16:10:14] [Thread:140505293784896] [INFO] [/home/zt/server/tcp_server/src/net/epoll.cpp:32] Epoll created: fd=5, max_events=102400
[2026-04-19 16:10:14] [Thread:140505293784896] [INFO] [/home/zt/server/tcp_server/src/net/event_loop.cpp:25] EventLoop started in thread: 11662598368581702948
[2026-04-19 16:15:44] [Thread:140658109425472] [INFO] [/home/zt/server/tcp_server/src/net/server.cpp:32] ========================================
[2026-04-19 16:15:44] [Thread:140658109425472] [INFO] [/home/zt/server/tcp_server/src/net/server.cpp:33]   TCP Server Initializing
[2026-04-19 16:15:44] [Thread:140658109425472] [INFO] [/home/zt/server/tcp_server/src/net/server.cpp:34] ========================================
[2026-04-19 16:15:44] [Thread:140658109425472] [INFO] [/home/zt/server/tcp_server/src/net/server.cpp:35] Listen IP: 0.0.0.0
[2026-04-19 16:15:44] [Thread:140658109425472] [INFO] [/home/zt/server/tcp_server/src/net/server.cpp:36] Listen Port: 8888
[2026-04-19 16:15:44] [Thread:140658109425472] [INFO] [/home/zt/server/tcp_server/src/net/server.cpp:37] Backlog: 128
[2026-04-19 16:15:44] [Thread:140658109425472] [INFO] [/home/zt/server/tcp_server/src/net/server.cpp:38] Max Connections: 100000
[2026-04-19 16:15:44] [Thread:140658109425472] [INFO] [/home/zt/server/tcp_server/src/net/server.cpp:39] Heartbeat Timeout: 60000ms
[2026-04-19 16:15:44] [Thread:140658109425472] [INFO] [/home/zt/server/tcp_server/src/net/server.cpp:40] ========================================
[2026-04-19 16:15:44] [Thread:140658109425472] [INFO] [/home/zt/server/tcp_server/src/net/socket.cpp:48] Socket created: fd=4
[2026-04-19 16:15:44] [Thread:140658109425472] [INFO] [/home/zt/server/tcp_server/src/net/socket.cpp:69] Socket bound: 0.0.0.0:8888
[2026-04-19 16:15:44] [Thread:140658109425472] [INFO] [/home/zt/server/tcp_server/src/net/socket.cpp:76] Socket listening: backlog=128
[2026-04-19 16:15:44] [Thread:140658109425472] [INFO] [/home/zt/server/tcp_server/src/net/server.cpp:50] Server listening on 0.0.0.0:8888
[2026-04-19 16:15:44] [Thread:140658109425472] [INFO] [/home/zt/server/tcp_server/src/net/epoll.cpp:32] Epoll created: fd=5, max_events=102400
[2026-04-19 16:15:44] [Thread:140658109425472] [INFO] [/home/zt/server/tcp_server/src/net/event_loop.cpp:25] EventLoop started in thread: 14197622052871332092
[2026-04-19 16:21:52] [Thread:140260892522304] [INFO] [/home/zt/server/tcp_server/src/net/server.cpp:32] ========================================
[2026-04-19 16:21:52] [Thread:140260892522304] [INFO] [/home/zt/server/tcp_server/src/net/server.cpp:33]   TCP Server Initializing
[2026-04-19 16:21:52] [Thread:140260892522304] [INFO] [/home/zt/server/tcp_server/src/net/server.cpp:34] ========================================
[2026-04-19 16:21:52] [Thread:140260892522304] [INFO] [/home/zt/server/tcp_server/src/net/server.cpp:35] Listen IP: 0.0.0.0
[2026-04-19 16:21:52] [Thread:140260892522304] [INFO] [/home/zt/server/tcp_server/src/net/server.cpp:36] Listen Port: 8888
[2026-04-19 16:21:52] [Thread:140260892522304] [INFO] [/home/zt/server/tcp_server/src/net/server.cpp:37] Backlog: 128
[2026-04-19 16:21:52] [Thread:140260892522304] [INFO] [/home/zt/server/tcp_server/src/net/server.cpp:38] Max Connections: 100000
[2026-04-19 16:21:52] [Thread:140260892522304] [INFO] [/home/zt/server/tcp_server/src/net/server.cpp:39] Heartbeat Timeout: 60000ms
[2026-04-19 16:21:52] [Thread:140260892522304] [INFO] [/home/zt/server/tcp_server/src/net/server.cpp:40] ========================================
[2026-04-19 16:21:52] [Thread:140260892522304] [INFO] [/home/zt/server/tcp_server/src/net/socket.cpp:48] Socket created: fd=4
[2026-04-19 16:21:52] [Thread:140260892522304] [INFO] [/home/zt/server/tcp_server/src/net/socket.cpp:69] Socket bound: 0.0.0.0:8888
[2026-04-19 16:21:52] [Thread:140260892522304] [INFO] [/home/zt/server/tcp_server/src/net/socket.cpp:76] Socket listening: backlog=128
[2026-04-19 16:21:52] [Thread:140260892522304] [INFO] [/home/zt/server/tcp_server/src/net/server.cpp:50] Server listening on 0.0.0.0:8888
[2026-04-19 16:21:52] [Thread:140260892522304] [INFO] [/home/zt/server/tcp_server/src/net/epoll.cpp:32] Epoll created: fd=5, max_events=102400
[2026-04-19 16:21:52] [Thread:140260892522304] [DEBUG] [/home/zt/server/tcp_server/src/net/event_loop.cpp:13] EventLoop created in thread: 6533331090002946819
[2026-04-19 16:21:52] [Thread:140260892522304] [DEBUG] [/home/zt/server/tcp_server/src/net/epoll.cpp:68] Epoll add fd=4, events=2147483649
[2026-04-19 16:21:52] [Thread:140260892522304] [INFO] [/home/zt/server/tcp_server/src/net/event_loop.cpp:25] EventLoop started in thread: 6533331090002946819
[2026-04-19 16:23:57] [Thread:139798703662912] [INFO] [/home/zt/server/tcp_server/src/net/server.cpp:32] ========================================
[2026-04-19 16:23:57] [Thread:139798703662912] [INFO] [/home/zt/server/tcp_server/src/net/server.cpp:33]   TCP Server Initializing
[2026-04-19 16:23:57] [Thread:139798703662912] [INFO] [/home/zt/server/tcp_server/src/net/server.cpp:34] ========================================
[2026-04-19 16:23:57] [Thread:139798703662912] [INFO] [/home/zt/server/tcp_server/src/net/server.cpp:35] Listen IP: 0.0.0.0
[2026-04-19 16:23:57] [Thread:139798703662912] [INFO] [/home/zt/server/tcp_server/src/net/server.cpp:36] Listen Port: 8888
[2026-04-19 16:23:57] [Thread:139798703662912] [INFO] [/home/zt/server/tcp_server/src/net/server.cpp:37] Backlog: 128
[2026-04-19 16:23:57] [Thread:139798703662912] [INFO] [/home/zt/server/tcp_server/src/net/server.cpp:38] Max Connections: 100000
[2026-04-19 16:23:57] [Thread:139798703662912] [INFO] [/home/zt/server/tcp_server/src/net/server.cpp:39] Heartbeat Timeout: 60000ms
[2026-04-19 16:23:57] [Thread:139798703662912] [INFO] [/home/zt/server/tcp_server/src/net/server.cpp:40] ========================================
[2026-04-19 16:23:57] [Thread:139798703662912] [INFO] [/home/zt/server/tcp_server/src/net/socket.cpp:48] Socket created: fd=4
[2026-04-19 16:23:57] [Thread:139798703662912] [INFO] [/home/zt/server/tcp_server/src/net/socket.cpp:69] Socket bound: 0.0.0.0:8888
[2026-04-19 16:23:57] [Thread:139798703662912] [INFO] [/home/zt/server/tcp_server/src/net/socket.cpp:76] Socket listening: backlog=128
[2026-04-19 16:23:57] [Thread:139798703662912] [INFO] [/home/zt/server/tcp_server/src/net/server.cpp:50] Server listening on 0.0.0.0:8888
[2026-04-19 16:23:57] [Thread:139798703662912] [INFO] [/home/zt/server/tcp_server/src/net/epoll.cpp:32] Epoll created: fd=5, max_events=102400
[2026-04-19 16:23:57] [Thread:139798703662912] [INFO] [/home/zt/server/tcp_server/src/net/event_loop.cpp:25] EventLoop started in thread: 2607382216027724839
[2026-04-19 16:26:42] [Thread:139998149625664] [INFO] [/home/zt/server/tcp_server/src/net/server.cpp:32] ========================================
[2026-04-19 16:26:42] [Thread:139998149625664] [INFO] [/home/zt/server/tcp_server/src/net/server.cpp:33]   TCP Server Initializing
[2026-04-19 16:26:42] [Thread:139998149625664] [INFO] [/home/zt/server/tcp_server/src/net/server.cpp:34] ========================================
[2026-04-19 16:26:42] [Thread:139998149625664] [INFO] [/home/zt/server/tcp_server/src/net/server.cpp:35] Listen IP: 0.0.0.0
[2026-04-19 16:26:42] [Thread:139998149625664] [INFO] [/home/zt/server/tcp_server/src/net/server.cpp:36] Listen Port: 8888
[2026-04-19 16:26:42] [Thread:139998149625664] [INFO] [/home/zt/server/tcp_server/src/net/server.cpp:37] Backlog: 128
[2026-04-19 16:26:42] [Thread:139998149625664] [INFO] [/home/zt/server/tcp_server/src/net/server.cpp:38] Max Connections: 100000
[2026-04-19 16:26:42] [Thread:139998149625664] [INFO] [/home/zt/server/tcp_server/src/net/server.cpp:39] Heartbeat Timeout: 60000ms
[2026-04-19 16:26:42] [Thread:139998149625664] [INFO] [/home/zt/server/tcp_server/src/net/server.cpp:40] ========================================
[2026-04-19 16:26:42] [Thread:139998149625664] [INFO] [/home/zt/server/tcp_server/src/net/socket.cpp:48] Socket created: fd=4
[2026-04-19 16:26:42] [Thread:139998149625664] [INFO] [/home/zt/server/tcp_server/src/net/socket.cpp:69] Socket bound: 0.0.0.0:8888
[2026-04-19 16:26:42] [Thread:139998149625664] [INFO] [/home/zt/server/tcp_server/src/net/socket.cpp:76] Socket listening: backlog=128
[2026-04-19 16:26:42] [Thread:139998149625664] [INFO] [/home/zt/server/tcp_server/src/net/server.cpp:50] Server listening on 0.0.0.0:8888
[2026-04-19 16:26:42] [Thread:139998149625664] [INFO] [/home/zt/server/tcp_server/src/net/epoll.cpp:32] Epoll created: fd=5, max_events=102400
[2026-04-19 16:26:42] [Thread:139998149625664] [INFO] [/home/zt/server/tcp_server/src/net/event_loop.cpp:25] EventLoop started in thread: 3482945846723514263
[2026-04-19 16:30:07] [Thread:139840235042624] [INFO] [/home/zt/server/tcp_server/src/net/server.cpp:32] ========================================
[2026-04-19 16:30:07] [Thread:139840235042624] [INFO] [/home/zt/server/tcp_server/src/net/server.cpp:33]   TCP Server Initializing
[2026-04-19 16:30:07] [Thread:139840235042624] [INFO] [/home/zt/server/tcp_server/src/net/server.cpp:34] ========================================
[2026-04-19 16:30:07] [Thread:139840235042624] [INFO] [/home/zt/server/tcp_server/src/net/server.cpp:35] Listen IP: 0.0.0.0
[2026-04-19 16:30:07] [Thread:139840235042624] [INFO] [/home/zt/server/tcp_server/src/net/server.cpp:36] Listen Port: 8888
[2026-04-19 16:30:07] [Thread:139840235042624] [INFO] [/home/zt/server/tcp_server/src/net/server.cpp:37] Backlog: 128
[2026-04-19 16:30:07] [Thread:139840235042624] [INFO] [/home/zt/server/tcp_server/src/net/server.cpp:38] Max Connections: 100000
[2026-04-19 16:30:07] [Thread:139840235042624] [INFO] [/home/zt/server/tcp_server/src/net/server.cpp:39] Heartbeat Timeout: 60000ms
[2026-04-19 16:30:07] [Thread:139840235042624] [INFO] [/home/zt/server/tcp_server/src/net/server.cpp:40] ========================================
[2026-04-19 16:30:07] [Thread:139840235042624] [INFO] [/home/zt/server/tcp_server/src/net/socket.cpp:48] Socket created: fd=4
[2026-04-19 16:30:07] [Thread:139840235042624] [INFO] [/home/zt/server/tcp_server/src/net/socket.cpp:69] Socket bound: 0.0.0.0:8888
[2026-04-19 16:30:07] [Thread:139840235042624] [INFO] [/home/zt/server/tcp_server/src/net/socket.cpp:76] Socket listening: backlog=128
[2026-04-19 16:30:07] [Thread:139840235042624] [INFO] [/home/zt/server/tcp_server/src/net/server.cpp:50] Server listening on 0.0.0.0:8888
[2026-04-19 16:30:07] [Thread:139840235042624] [INFO] [/home/zt/server/tcp_server/src/net/epoll.cpp:32] Epoll created: fd=5, max_events=102400
[2026-04-19 16:30:07] [Thread:139840235042624] [INFO] [/home/zt/server/tcp_server/src/net/event_loop.cpp:25] EventLoop started in thread: 3847633684359696868
[2026-04-19 16:30:59] [Thread:139625830299456] [INFO] [/home/zt/server/tcp_server/src/net/server.cpp:32] ========================================
[2026-04-19 16:30:59] [Thread:139625830299456] [INFO] [/home/zt/server/tcp_server/src/net/server.cpp:33]   TCP Server Initializing
[2026-04-19 16:30:59] [Thread:139625830299456] [INFO] [/home/zt/server/tcp_server/src/net/server.cpp:34] ========================================
[2026-04-19 16:30:59] [Thread:139625830299456] [INFO] [/home/zt/server/tcp_server/src/net/server.cpp:35] Listen IP: 0.0.0.0
[2026-04-19 16:30:59] [Thread:139625830299456] [INFO] [/home/zt/server/tcp_server/src/net/server.cpp:36] Listen Port: 8888
[2026-04-19 16:30:59] [Thread:139625830299456] [INFO] [/home/zt/server/tcp_server/src/net/server.cpp:37] Backlog: 128
[2026-04-19 16:30:59] [Thread:139625830299456] [INFO] [/home/zt/server/tcp_server/src/net/server.cpp:38] Max Connections: 100000
[2026-04-19 16:30:59] [Thread:139625830299456] [INFO] [/home/zt/server/tcp_server/src/net/server.cpp:39] Heartbeat Timeout: 60000ms
[2026-04-19 16:30:59] [Thread:139625830299456] [INFO] [/home/zt/server/tcp_server/src/net/server.cpp:40] ========================================
[2026-04-19 16:30:59] [Thread:139625830299456] [INFO] [/home/zt/server/tcp_server/src/net/socket.cpp:48] Socket created: fd=4
[2026-04-19 16:30:59] [Thread:139625830299456] [INFO] [/home/zt/server/tcp_server/src/net/socket.cpp:69] Socket bound: 0.0.0.0:8888
[2026-04-19 16:30:59] [Thread:139625830299456] [INFO] [/home/zt/server/tcp_server/src/net/socket.cpp:76] Socket listening: backlog=128
[2026-04-19 16:30:59] [Thread:139625830299456] [INFO] [/home/zt/server/tcp_server/src/net/server.cpp:50] Server listening on 0.0.0.0:8888
[2026-04-19 16:30:59] [Thread:139625830299456] [INFO] [/home/zt/server/tcp_server/src/net/epoll.cpp:32] Epoll created: fd=5, max_events=102400
[2026-04-19 16:30:59] [Thread:139625830299456] [INFO] [/home/zt/server/tcp_server/src/net/event_loop.cpp:25] EventLoop started in thread: 4880020011671393981
[2026-04-19 16:32:41] [Thread:140524423112512] [INFO] [/home/zt/server/tcp_server/src/net/server.cpp:32] ========================================
[2026-04-19 16:32:41] [Thread:140524423112512] [INFO] [/home/zt/server/tcp_server/src/net/server.cpp:33]   TCP Server Initializing
[2026-04-19 16:32:41] [Thread:140524423112512] [INFO] [/home/zt/server/tcp_server/src/net/server.cpp:34] ========================================
[2026-04-19 16:32:41] [Thread:140524423112512] [INFO] [/home/zt/server/tcp_server/src/net/server.cpp:35] Listen IP: 0.0.0.0
[2026-04-19 16:32:41] [Thread:140524423112512] [INFO] [/home/zt/server/tcp_server/src/net/server.cpp:36] Listen Port: 8888
[2026-04-19 16:32:41] [Thread:140524423112512] [INFO] [/home/zt/server/tcp_server/src/net/server.cpp:37] Backlog: 128
[2026-04-19 16:32:41] [Thread:140524423112512] [INFO] [/home/zt/server/tcp_server/src/net/server.cpp:38] Max Connections: 100000
[2026-04-19 16:32:41] [Thread:140524423112512] [INFO] [/home/zt/server/tcp_server/src/net/server.cpp:39] Heartbeat Timeout: 60000ms
[2026-04-19 16:32:41] [Thread:140524423112512] [INFO] [/home/zt/server/tcp_server/src/net/server.cpp:40] ========================================
[2026-04-19 16:32:41] [Thread:140524423112512] [INFO] [/home/zt/server/tcp_server/src/net/socket.cpp:48] Socket created: fd=4
[2026-04-19 16:32:41] [Thread:140524423112512] [INFO] [/home/zt/server/tcp_server/src/net/socket.cpp:69] Socket bound: 0.0.0.0:8888
[2026-04-19 16:32:41] [Thread:140524423112512] [INFO] [/home/zt/server/tcp_server/src/net/socket.cpp:76] Socket listening: backlog=128
[2026-04-19 16:32:41] [Thread:140524423112512] [INFO] [/home/zt/server/tcp_server/src/net/server.cpp:50] Server listening on 0.0.0.0:8888
[2026-04-19 16:32:41] [Thread:140524423112512] [INFO] [/home/zt/server/tcp_server/src/net/epoll.cpp:32] Epoll created: fd=5, max_events=102400
[2026-04-19 16:32:41] [Thread:140524423112512] [INFO] [/home/zt/server/tcp_server/src/net/event_loop.cpp:25] EventLoop started in thread: 11427430626165663069
[2026-04-19 16:34:44] [Thread:140078801844032] [INFO] [/home/zt/server/tcp_server/src/net/server.cpp:32] ========================================
[2026-04-19 16:34:44] [Thread:140078801844032] [INFO] [/home/zt/server/tcp_server/src/net/server.cpp:33]   TCP Server Initializing
[2026-04-19 16:34:44] [Thread:140078801844032] [INFO] [/home/zt/server/tcp_server/src/net/server.cpp:34] ========================================
[2026-04-19 16:34:44] [Thread:140078801844032] [INFO] [/home/zt/server/tcp_server/src/net/server.cpp:35] Listen IP: 0.0.0.0
[2026-04-19 16:34:44] [Thread:140078801844032] [INFO] [/home/zt/server/tcp_server/src/net/server.cpp:36] Listen Port: 8888
[2026-04-19 16:34:44] [Thread:140078801844032] [INFO] [/home/zt/server/tcp_server/src/net/server.cpp:37] Backlog: 128
[2026-04-19 16:34:44] [Thread:140078801844032] [INFO] [/home/zt/server/tcp_server/src/net/server.cpp:38] Max Connections: 100000
[2026-04-19 16:34:44] [Thread:140078801844032] [INFO] [/home/zt/server/tcp_server/src/net/server.cpp:39] Heartbeat Timeout: 60000ms
[2026-04-19 16:34:44] [Thread:140078801844032] [INFO] [/home/zt/server/tcp_server/src/net/server.cpp:40] ========================================
[2026-04-19 16:34:44] [Thread:140078801844032] [INFO] [/home/zt/server/tcp_server/src/net/socket.cpp:48] Socket created: fd=4
[2026-04-19 16:34:44] [Thread:140078801844032] [INFO] [/home/zt/server/tcp_server/src/net/socket.cpp:69] Socket bound: 0.0.0.0:8888
[2026-04-19 16:34:44] [Thread:140078801844032] [INFO] [/home/zt/server/tcp_server/src/net/socket.cpp:76] Socket listening: backlog=128
[2026-04-19 16:34:44] [Thread:140078801844032] [INFO] [/home/zt/server/tcp_server/src/net/server.cpp:50] Server listening on 0.0.0.0:8888
[2026-04-19 16:34:44] [Thread:140078801844032] [INFO] [/home/zt/server/tcp_server/src/net/epoll.cpp:32] Epoll created: fd=5, max_events=102400
[2026-04-19 16:34:44] [Thread:140078801844032] [INFO] [/home/zt/server/tcp_server/src/net/event_loop.cpp:25] EventLoop started in thread: 3029689020842506694
