[2026-04-17 22:18:07] [Thread:140664782587712] [INFO] [/home/zt/server/tcp_server/src/net/server.cpp:30] ========================================
[2026-04-17 22:18:07] [Thread:140664782587712] [INFO] [/home/zt/server/tcp_server/src/net/server.cpp:31]   TCP Server Initializing
[2026-04-17 22:18:07] [Thread:140664782587712] [INFO] [/home/zt/server/tcp_server/src/net/server.cpp:32] ========================================
[2026-04-17 22:18:07] [Thread:140664782587712] [INFO] [/home/zt/server/tcp_server/src/net/server.cpp:33] Listen IP: 0.0.0.0
[2026-04-17 22:18:07] [Thread:140664782587712] [INFO] [/home/zt/server/tcp_server/src/net/server.cpp:34] Listen Port: 8888
[2026-04-17 22:18:07] [Thread:140664782587712] [INFO] [/home/zt/server/tcp_server/src/net/server.cpp:35] Backlog: 128
[2026-04-17 22:18:07] [Thread:140664782587712] [INFO] [/home/zt/server/tcp_server/src/net/server.cpp:36] Max Connections: 100000
[2026-04-17 22:18:07] [Thread:140664782587712] [INFO] [/home/zt/server/tcp_server/src/net/server.cpp:37] Heartbeat Timeout: 60000ms
[2026-04-17 22:18:07] [Thread:140664782587712] [INFO] [/home/zt/server/tcp_server/src/net/server.cpp:38] ========================================
[2026-04-17 22:18:07] [Thread:140664782587712] [INFO] [/home/zt/server/tcp_server/src/net/socket.cpp:48] Socket created: fd=4
[2026-04-17 22:18:07] [Thread:140664782587712] [INFO] [/home/zt/server/tcp_server/src/net/socket.cpp:69] Socket bound: 0.0.0.0:8888
[2026-04-17 22:18:07] [Thread:140664782587712] [INFO] [/home/zt/server/tcp_server/src/net/socket.cpp:76] Socket listening: backlog=128
[2026-04-17 22:18:07] [Thread:140664782587712] [INFO] [/home/zt/server/tcp_server/src/net/server.cpp:48] Server listening on 0.0.0.0:8888
[2026-04-17 22:18:07] [Thread:140664782587712] [INFO] [/home/zt/server/tcp_server/src/net/epoll.cpp:20] Epoll created: fd=5, max_events=102400
[2026-04-17 22:18:07] [Thread:140664782587712] [DEBUG] [/home/zt/server/tcp_server/src/net/epoll.cpp:40] Epoll add fd=4, events=2147483649
[2026-04-17 22:18:07] [Thread:140664782587712] [INFO] [/home/zt/server/tcp_server/src/net/server.cpp:52] Epoll initialized
[2026-04-17 22:18:07] [Thread:140664782587712] [INFO] [/home/zt/server/tcp_server/src/net/server.cpp:56] Memory pool initialized: block_size=4096, block_count=10000
[2026-04-17 22:18:07] [Thread:140664782587712] [INFO] [/home/zt/server/tcp_server/src/conn/connection_pool.cpp:24] ConnectionPool initialized: max_connections=100000, heartbeat_timeout=60000ms
[2026-04-17 22:18:07] [Thread:140664782587712] [INFO] [/home/zt/server/tcp_server/src/conn/connection_pool.cpp:130] ConnectionPool: heartbeat check started
[2026-04-17 22:18:07] [Thread:140664782587712] [INFO] [/home/zt/server/tcp_server/src/net/server.cpp:63] Connection pool initialized
[2026-04-17 22:18:07] [Thread:140664320284224] [DEBUG] [/home/zt/server/tcp_server/src/conn/connection_pool.cpp:154] ConnectionPool: heartbeat check loop started
[2026-04-17 22:18:07] [Thread:140664782587712] [INFO] [/home/zt/server/tcp_server/src/service/echo_service.cpp:30] EchoService initialized: thread_pool_size=8
[2026-04-17 22:18:07] [Thread:140664782587712] [INFO] [/home/zt/server/tcp_server/src/net/server.cpp:67] Echo service initialized
[2026-04-17 22:18:07] [Thread:140664782587712] [INFO] [/home/zt/server/tcp_server/src/net/server.cpp:71] Signal handlers registered
[2026-04-17 22:18:07] [Thread:140664782587712] [INFO] [/home/zt/server/tcp_server/src/net/server.cpp:73] Server initialized successfully
[2026-04-17 22:18:07] [Thread:140664782587712] [INFO] [/home/zt/server/tcp_server/src/net/server.cpp:83] Server starting...
[2026-04-17 22:18:07] [Thread:140664782587712] [INFO] [/home/zt/server/tcp_server/src/net/server.cpp:86] Server started
[2026-04-17 22:18:07] [Thread:140664171902528] [INFO] [/home/zt/server/tcp_server/src/net/server.cpp:134] Event loop started
[2026-04-17 22:18:25] [Thread:140664171902528] [DEBUG] [/home/zt/server/tcp_server/src/net/epoll.cpp:52] Epoll modify fd=6, events=3221225477
[2026-04-17 22:18:25] [Thread:140664171902528] [DEBUG] [/home/zt/server/tcp_server/src/net/epoll.cpp:73] Epoll wait: 1 events ready
[2026-04-17 22:18:25] [Thread:140664171902528] [DEBUG] [/home/zt/server/tcp_server/src/net/epoll.cpp:52] Epoll modify fd=6, events=3221225477
[2026-04-17 22:18:25] [Thread:140664171902528] [DEBUG] [/home/zt/server/tcp_server/src/net/epoll.cpp:73] Epoll wait: 1 events ready
[2026-04-17 22:18:25] [Thread:140664171902528] [DEBUG] [/home/zt/server/tcp_server/src/net/epoll.cpp:52] Epoll modify fd=6, events=3221225477
[2026-04-17 22:18:25] [Thread:140664171902528] [DEBUG] [/home/zt/server/tcp_server/src/net/epoll.cpp:73] Epoll wait: 1 events ready
[2026-04-17 22:18:25] [Thread:140664171902528] [DEBUG] [/home/zt/server/tcp_server/src/net/epoll.cpp:52] Epoll modify fd=6, events=3221225477
[2026-04-17 22:18:25] [Thread:140664171902528] [DEBUG] [/home/zt/server/tcp_server/src/net/epoll.cpp:73] Epoll wait: 1 events ready
[2026-04-17 22:18:25] [Thread:140664171902528] [DEBUG] [/home/zt/server/tcp_server/src/net/epoll.cpp:52] Epoll modify fd=6, events=3221225477
[2026-04-17 22:18:25] [Thread:140664171902528] [DEBUG] [/home/zt/server/tcp_server/src/net/epoll.cpp:73] Epoll wait: 1 events ready
[2026-04-17 22:18:25] [Thread:140664171902528] [DEBUG] [/home/zt/server/tcp_server/src/net/epoll.cpp:52] Epoll modify fd=6, events=3221225477
[2026-04-17 22:18:25] [Thread:140664171902528] [DEBUG] [/home/zt/server/tcp_server/src/net/epoll.cpp:73] Epoll wait: 1 events ready
[2026-04-17 22:18:25] [Thread:140664171902528] [DEBUG] [/home/zt/server/tcp_server/src/net/epoll.cpp:52] Epoll modify fd=6, events=3221225477
[2026-04-17 22:18:25] [Thread:140664171902528] [DEBUG] [/home/zt/server/tcp_server/src/net/epoll.cpp:73] Epoll wait: 1 events ready
[2026-04-17 22:18:25] [Thread:140664171902528] [DEBUG] [/home/zt/server/tcp_server/src/net/epoll.cpp:52] Epoll modify fd=6, events=3221225477
[2026-04-17 22:18:25] [Thread:140664171902528] [DEBUG] [/home/zt/server/tcp_server/src/net/epoll.cpp:73] Epoll wait: 1 events ready
[2026-04-17 22:18:25] [Thread:140664171902528] [DEBUG] [/home/zt/server/tcp_server/src/net/epoll.cpp:52] Epoll modify fd=6, events=3221225477
[2026-04-17 22:18:25] [Thread:140664171902528] [DEBUG] [/home/zt/server/tcp_server/src/net/epoll.cpp:73] Epoll wait: 1 events ready
[2026-04-17 22:18:25] [Thread:140664171902528] [DEBUG] [/home/zt/server/tcp_server/src/net/epoll.cpp:52] Epoll modify fd=6, events=3221225477
[2026-04-17 22:18:25] [Thread:140664171902528] [DEBUG] [/home/zt/server/tcp_server/src/net/epoll.cpp:73] Epoll wait: 1 events ready
[2026-04-17 22:18:25] [Thread:140664171902528] [DEBUG] [/home/zt/server/tcp_server/src/net/epoll.cpp:52] Epoll modify fd=6, events=3221225477
[2026-04-17 22:18:25] [Thread:140664171902528] [DEBUG] [/home/zt/server/tcp_server/src/net/epoll.cpp:73] Epoll wait: 1 events ready
[2026-04-17 22:18:25] [Thread:140664171902528] [DEBUG] [/home/zt/server/tcp_server/src/net/epoll.cpp:52] Epoll modify fd=6, events=3221225477
[2026-04-17 22:18:25] [Thread:140664171902528] [DEBUG] [/home/zt/server/tcp_server/src/net/epoll.cpp:73] Epoll wait: 1 events ready
[2026-04-17 22:18:25] [Thread:140664171902528] [DEBUG] [/home/zt/server/tcp_server/src/net/epoll.cpp:52] Epoll modify fd=6, events=3221225477
[2026-04-17 22:18:25] [Thread:140664171902528] [DEBUG] [/home/zt/server/tcp_server/src/net/epoll.cpp:52] Epoll modify fd=6, events=3221225477
[2026-04-17 22:18:25] [Thread:140664171902528] [DEBUG] [/home/zt/server/tcp_server/src/net/epoll.cpp:73] Epoll wait: 1 events ready
[2026-04-17 22:18:25] [Thread:140664171902528] [DEBUG] [/home/zt/server/tcp_server/src/net/epoll.cpp:52] Epoll modify fd=6, events=3221225477
[2026-04-17 22:18:25] [Thread:140664171902528] [DEBUG] [/home/zt/server/tcp_server/src/net/epoll.cpp:73] Epoll wait: 1 events ready
[2026-04-17 22:18:25] [Thread:140664171902528] [DEBUG] [/home/zt/server/tcp_server/src/net/epoll.cpp:52] Epoll modify fd=6, events=3221225477
[2026-04-17 22:18:25] [Thread:140664171902528] [DEBUG] [/home/zt/server/tcp_server/src/net/epoll.cpp:73] Epoll wait: 1 events ready
[2026-04-17 22:18:25] [Thread:140664171902528] [DEBUG] [/home/zt/server/tcp_server/src/net/epoll.cpp:73] Epoll wait: 1 events ready
[2026-04-17 22:18:25] [Thread:140664171902528] [DEBUG] [/home/zt/server/tcp_server/src/net/epoll.cpp:52] Epoll modify fd=6, events=3221225477
[2026-04-17 22:18:25] [Thread:140664171902528] [DEBUG] [/home/zt/server/tcp_server/src/net/epoll.cpp:73] Epoll wait: 1 events ready
[2026-04-17 22:18:25] [Thread:140664171902528] [DEBUG] [/home/zt/server/tcp_server/src/net/epoll.cpp:52] Epoll modify fd=6, events=3221225477
[2026-04-17 22:18:25] [Thread:140664171902528] [DEBUG] [/home/zt/server/tcp_server/src/net/epoll.cpp:73] Epoll wait: 1 events ready
[2026-04-17 22:18:25] [Thread:140664171902528] [DEBUG] [/home/zt/server/tcp_server/src/net/epoll.cpp:52] Epoll modify fd=6, events=3221225477
[2026-04-17 22:18:25] [Thread:140664171902528] [DEBUG] [/home/zt/server/tcp_server/src/net/epoll.cpp:73] Epoll wait: 1 events ready
[2026-04-17 22:18:25] [Thread:140664171902528] [DEBUG] [/home/zt/server/tcp_server/src/net/epoll.cpp:73] Epoll wait: 1 events ready
[2026-04-17 22:18:25] [Thread:140664171902528] [DEBUG] [/home/zt/server/tcp_server/src/net/epoll.cpp:52] Epoll modify fd=6, events=3221225477
[2026-04-17 22:18:25] [Thread:140664171902528] [DEBUG] [/home/zt/server/tcp_server/src/net/epoll.cpp:73] Epoll wait: 1 events ready
[2026-04-17 22:18:25] [Thread:140664171902528] [DEBUG] [/home/zt/server/tcp_server/src/net/epoll.cpp:52] Epoll modify fd=6, events=3221225477
[2026-04-17 22:18:25] [Thread:140664171902528] [DEBUG] [/home/zt/server/tcp_server/src/net/epoll.cpp:73] Epoll wait: 1 events ready
[2026-04-17 22:18:25] [Thread:140664171902528] [DEBUG] [/home/zt/server/tcp_server/src/net/epoll.cpp:52] Epoll modify fd=6, events=3221225477
[2026-04-17 22:18:25] [Thread:140664171902528] [DEBUG] [/home/zt/server/tcp_server/src/net/epoll.cpp:73] Epoll wait: 1 events ready
[2026-04-17 22:18:25] [Thread:140664171902528] [DEBUG] [/home/zt/server/tcp_server/src/net/epoll.cpp:52] Epoll modify fd=6, events=3221225477
[2026-04-17 22:18:25] [Thread:140664171902528] [DEBUG] [/home/zt/server/tcp_server/src/net/epoll.cpp:73] Epoll wait: 1 events ready
[2026-04-17 22:18:25] [Thread:140664171902528] [DEBUG] [/home/zt/server/tcp_server/src/net/epoll.cpp:52] Epoll modify fd=6, events=3221225477
[2026-04-17 22:18:25] [Thread:140664171902528] [DEBUG] [/home/zt/server/tcp_server/src/net/epoll.cpp:73] Epoll wait: 1 events ready
[2026-04-17 22:18:25] [Thread:140664171902528] [DEBUG] [/home/zt/server/tcp_server/src/net/epoll.cpp:52] Epoll modify fd=6, events=3221225477
[2026-04-17 22:18:25] [Thread:140664171902528] [DEBUG] [/home/zt/server/tcp_server/src/net/epoll.cpp:52] Epoll modify fd=6, events=3221225477
[2026-04-17 22:18:25] [Thread:140664171902528] [DEBUG] [/home/zt/server/tcp_server/src/net/epoll.cpp:73] Epoll wait: 1 events ready
[2026-04-17 22:18:25] [Thread:140664171902528] [DEBUG] [/home/zt/server/tcp_server/src/net/epoll.cpp:52] Epoll modify fd=6, events=3221225477
[2026-04-17 22:18:25] [Thread:140664171902528] [DEBUG] [/home/zt/server/tcp_server/src/net/epoll.cpp:73] Epoll wait: 1 events ready
[2026-04-17 22:18:25] [Thread:140664171902528] [DEBUG] [/home/zt/server/tcp_server/src/net/epoll.cpp:52] Epoll modify fd=6, events=3221225477
[2026-04-17 22:18:25] [Thread:140664171902528] [DEBUG] [/home/zt/server/tcp_server/src/net/epoll.cpp:73] Epoll wait: 1 events ready
[2026-04-17 22:18:25] [Thread:140664171902528] [DEBUG] [/home/zt/server/tcp_server/src/net/epoll.cpp:52] Epoll modify fd=6, events=3221225477
[2026-04-17 22:18:25] [Thread:140664171902528] [DEBUG] [/home/zt/server/tcp_server/src/net/epoll.cpp:73] Epoll wait: 1 events ready
[2026-04-17 22:18:25] [Thread:140664171902528] [DEBUG] [/home/zt/server/tcp_server/src/net/epoll.cpp:52] Epoll modify fd=6, events=3221225477
[2026-04-17 22:18:25] [Thread:140664171902528] [DEBUG] [/home/zt/server/tcp_server/src/net/epoll.cpp:73] Epoll wait: 1 events ready
[2026-04-17 22:18:25] [Thread:140664171902528] [DEBUG] [/home/zt/server/tcp_server/src/net/epoll.cpp:52] Epoll modify fd=6, events=3221225477
[2026-04-17 22:18:25] [Thread:140664171902528] [DEBUG] [/home/zt/server/tcp_server/src/net/epoll.cpp:73] Epoll wait: 1 events ready
[2026-04-17 22:18:25] [Thread:140664171902528] [DEBUG] [/home/zt/server/tcp_server/src/net/epoll.cpp:73] Epoll wait: 1 events ready
[2026-04-17 22:18:25] [Thread:140664171902528] [DEBUG] [/home/zt/server/tcp_server/src/net/epoll.cpp:52] Epoll modify fd=6, events=3221225477
[2026-04-17 22:18:25] [Thread:140664171902528] [DEBUG] [/home/zt/server/tcp_server/src/net/epoll.cpp:73] Epoll wait: 1 events ready
[2026-04-17 22:18:25] [Thread:140664171902528] [DEBUG] [/home/zt/server/tcp_server/src/net/epoll.cpp:52] Epoll modify fd=6, events=3221225477
[2026-04-17 22:18:25] [Thread:140664171902528] [DEBUG] [/home/zt/server/tcp_server/src/net/epoll.cpp:73] Epoll wait: 1 events ready
[2026-04-17 22:18:25] [Thread:140664171902528] [DEBUG] [/home/zt/server/tcp_server/src/net/epoll.cpp:52] Epoll modify fd=6, events=3221225477
[2026-04-17 22:18:25] [Thread:140664171902528] [DEBUG] [/home/zt/server/tcp_server/src/net/epoll.cpp:73] Epoll wait: 1 events ready
[2026-04-17 22:18:25] [Thread:140664171902528] [DEBUG] [/home/zt/server/tcp_server/src/net/epoll.cpp:52] Epoll modify fd=6, events=3221225477
[2026-04-17 22:18:25] [Thread:140664171902528] [DEBUG] [/home/zt/server/tcp_server/src/net/epoll.cpp:73] Epoll wait: 1 events ready
[2026-04-17 22:18:25] [Thread:140664171902528] [DEBUG] [/home/zt/server/tcp_server/src/net/epoll.cpp:52] Epoll modify fd=6, events=3221225477
[2026-04-17 22:18:25] [Thread:140664171902528] [DEBUG] [/home/zt/server/tcp_server/src/net/epoll.cpp:73] Epoll wait: 1 events ready
[2026-04-17 22:18:25] [Thread:140664171902528] [DEBUG] [/home/zt/server/tcp_server/src/net/epoll.cpp:52] Epoll modify fd=6, events=3221225477
[2026-04-17 22:18:25] [Thread:140664171902528] [DEBUG] [/home/zt/server/tcp_server/src/net/epoll.cpp:73] Epoll wait: 1 events ready
[2026-04-17 22:18:25] [Thread:140664171902528] [DEBUG] [/home/zt/server/tcp_server/src/net/epoll.cpp:52] Epoll modify fd=6, events=3221225477
[2026-04-17 22:18:25] [Thread:140664171902528] [DEBUG] [/home/zt/server/tcp_server/src/net/epoll.cpp:73] Epoll wait: 1 events ready
[2026-04-17 22:18:25] [Thread:140664171902528] [DEBUG] [/home/zt/server/tcp_server/src/net/epoll.cpp:52] Epoll modify fd=6, events=3221225477
[2026-04-17 22:18:25] [Thread:140664171902528] [DEBUG] [/home/zt/server/tcp_server/src/net/epoll.cpp:73] Epoll wait: 1 events ready
[2026-04-17 22:18:25] [Thread:140664171902528] [DEBUG] [/home/zt/server/tcp_server/src/net/epoll.cpp:52] Epoll modify fd=6, events=3221225477
[2026-04-17 22:18:25] [Thread:140664171902528] [DEBUG] [/home/zt/server/tcp_server/src/net/epoll.cpp:73] Epoll wait: 1 events ready
[2026-04-17 22:18:25] [Thread:140664171902528] [DEBUG] [/home/zt/server/tcp_server/src/net/epoll.cpp:52] Epoll modify fd=6, events=3221225477
[2026-04-17 22:18:25] [Thread:140664171902528] [DEBUG] [/home/zt/server/tcp_server/src/net/epoll.cpp:73] Epoll wait: 1 events ready
[2026-04-17 22:18:25] [Thread:140664171902528] [DEBUG] [/home/zt/server/tcp_server/src/net/epoll.cpp:52] Epoll modify fd=6, events=3221225477
[2026-04-17 22:18:25] [Thread:140664171902528] [DEBUG] [/home/zt/server/tcp_server/src/net/epoll.cpp:73] Epoll wait: 1 events ready
[2026-04-17 22:18:25] [Thread:140664171902528] [DEBUG] [/home/zt/server/tcp_server/src/net/epoll.cpp:52] Epoll modify fd=6, events=3221225477
[2026-04-17 22:18:25] [Thread:140664171902528] [DEBUG] [/home/zt/server/tcp_server/src/net/epoll.cpp:73] Epoll wait: 1 events ready
[2026-04-17 22:18:25] [Thread:140664171902528] [DEBUG] [/home/zt/server/tcp_server/src/net/epoll.cpp:52] Epoll modify fd=6, events=3221225477
[2026-04-17 22:18:25] [Thread:140664171902528] [DEBUG] [/home/zt/server/tcp_server/src/net/epoll.cpp:73] Epoll wait: 1 events ready
[2026-04-17 22:18:25] [Thread:140664171902528] [DEBUG] [/home/zt/server/tcp_server/src/net/epoll.cpp:52] Epoll modify fd=6, events=3221225477
[2026-04-17 22:18:25] [Thread:140664171902528] [DEBUG] [/home/zt/server/tcp_server/src/net/epoll.cpp:73] Epoll wait: 1 events ready
[2026-04-17 22:18:25] [Thread:140664171902528] [DEBUG] [/home/zt/server/tcp_server/src/net/epoll.cpp:52] Epoll modify fd=6, events=3221225477
[2026-04-17 22:18:25] [Thread:140664171902528] [DEBUG] [/home/zt/server/tcp_server/src/net/epoll.cpp:73] Epoll wait: 1 events ready
[2026-04-17 22:18:25] [Thread:140664171902528] [DEBUG] [/home/zt/server/tcp_server/src/net/epoll.cpp:52] Epoll modify fd=6, events=3221225477
[2026-04-17 22:18:25] [Thread:140664171902528] [DEBUG] [/home/zt/server/tcp_server/src/net/epoll.cpp:73] Epoll wait: 1 events ready
[2026-04-17 22:18:25] [Thread:140664171902528] [DEBUG] [/home/zt/server/tcp_server/src/net/epoll.cpp:52] Epoll modify fd=6, events=3221225477
[2026-04-17 22:18:25] [Thread:140664171902528] [DEBUG] [/home/zt/server/tcp_server/src/net/epoll.cpp:73] Epoll wait: 1 events ready
[2026-04-17 22:18:25] [Thread:140664171902528] [DEBUG] [/home/zt/server/tcp_server/src/net/epoll.cpp:52] Epoll modify fd=6, events=3221225477
[2026-04-17 22:18:25] [Thread:140664171902528] [DEBUG] [/home/zt/server/tcp_server/src/net/epoll.cpp:73] Epoll wait: 1 events ready
[2026-04-17 22:18:25] [Thread:140664171902528] [DEBUG] [/home/zt/server/tcp_server/src/net/epoll.cpp:52] Epoll modify fd=6, events=3221225477
[2026-04-17 22:18:25] [Thread:140664171902528] [DEBUG] [/home/zt/server/tcp_server/src/net/epoll.cpp:73] Epoll wait: 1 events ready
[2026-04-17 22:18:25] [Thread:140664171902528] [DEBUG] [/home/zt/server/tcp_server/src/net/epoll.cpp:52] Epoll modify fd=6, events=3221225477
[2026-04-17 22:18:25] [Thread:140664171902528] [DEBUG] [/home/zt/server/tcp_server/src/net/epoll.cpp:73] Epoll wait: 1 events ready
[2026-04-17 22:18:25] [Thread:140664171902528] [DEBUG] [/home/zt/server/tcp_server/src/net/epoll.cpp:73] Epoll wait: 1 events ready
[2026-04-17 22:18:25] [Thread:140664171902528] [DEBUG] [/home/zt/server/tcp_server/src/net/epoll.cpp:52] Epoll modify fd=6, events=3221225477
[2026-04-17 22:18:25] [Thread:140664171902528] [DEBUG] [/home/zt/server/tcp_server/src/net/epoll.cpp:73] Epoll wait: 1 events ready
[2026-04-17 22:18:25] [Thread:140664171902528] [DEBUG] [/home/zt/server/tcp_server/src/net/epoll.cpp:52] Epoll modify fd=6, events=3221225477
[2026-04-17 22:18:25] [Thread:140664171902528] [DEBUG] [/home/zt/server/tcp_server/src/net/epoll.cpp:52] Epoll modify fd=6, events=3221225477
[2026-04-17 22:18:25] [Thread:140664171902528] [DEBUG] [/home/zt/server/tcp_server/src/net/epoll.cpp:73] Epoll wait: 1 events ready
[2026-04-17 22:18:25] [Thread:140664171902528] [DEBUG] [/home/zt/server/tcp_server/src/net/epoll.cpp:52] Epoll modify fd=6, events=3221225477
[2026-04-17 22:18:25] [Thread:140664171902528] [DEBUG] [/home/zt/server/tcp_server/src/net/epoll.cpp:73] Epoll wait: 1 events ready
[2026-04-17 22:18:25] [Thread:140664171902528] [DEBUG] [/home/zt/server/tcp_server/src/net/epoll.cpp:52] Epoll modify fd=6, events=3221225477
[2026-04-17 22:18:25] [Thread:140664171902528] [DEBUG] [/home/zt/server/tcp_server/src/net/epoll.cpp:73] Epoll wait: 1 events ready
[2026-04-17 22:18:25] [Thread:140664171902528] [DEBUG] [/home/zt/server/tcp_server/src/net/epoll.cpp:52] Epoll modify fd=6, events=3221225477
[2026-04-17 22:18:25] [Thread:140664171902528] [DEBUG] [/home/zt/server/tcp_server/src/net/epoll.cpp:73] Epoll wait: 1 events ready
[2026-04-17 22:18:25] [Thread:140664171902528] [DEBUG] [/home/zt/server/tcp_server/src/net/epoll.cpp:52] Epoll modify fd=6, events=3221225477
[2026-04-17 22:18:25] [Thread:140664171902528] [DEBUG] [/home/zt/server/tcp_server/src/net/epoll.cpp:73] Epoll wait: 1 events ready
[2026-04-17 22:18:25] [Thread:140664171902528] [DEBUG] [/home/zt/server/tcp_server/src/net/epoll.cpp:52] Epoll modify fd=6, events=3221225477
[2026-04-17 22:18:25] [Thread:140664171902528] [DEBUG] [/home/zt/server/tcp_server/src/net/epoll.cpp:73] Epoll wait: 1 events ready
[2026-04-17 22:18:25] [Thread:140664171902528] [DEBUG] [/home/zt/server/tcp_server/src/net/epoll.cpp:52] Epoll modify fd=6, events=3221225477
[2026-04-17 22:18:25] [Thread:140664171902528] [DEBUG] [/home/zt/server/tcp_server/src/net/epoll.cpp:52] Epoll modify fd=6, events=3221225477
[2026-04-17 22:18:25] [Thread:140664171902528] [DEBUG] [/home/zt/server/tcp_server/src/net/epoll.cpp:73] Epoll wait: 1 events ready
[2026-04-17 22:18:25] [Thread:140664171902528] [DEBUG] [/home/zt/server/tcp_server/src/net/epoll.cpp:52] Epoll modify fd=6, events=3221225477
[2026-04-17 22:18:25] [Thread:140664171902528] [DEBUG] [/home/zt/server/tcp_server/src/net/epoll.cpp:73] Epoll wait: 1 events ready
[2026-04-17 22:18:25] [Thread:140664171902528] [DEBUG] [/home/zt/server/tcp_server/src/net/epoll.cpp:52] Epoll modify fd=6, events=3221225477
[2026-04-17 22:18:25] [Thread:140664171902528] [DEBUG] [/home/zt/server/tcp_server/src/net/epoll.cpp:73] Epoll wait: 1 events ready
[2026-04-17 22:18:25] [Thread:140664171902528] [DEBUG] [/home/zt/server/tcp_server/src/net/epoll.cpp:52] Epoll modify fd=6, events=3221225477
[2026-04-17 22:18:25] [Thread:140664171902528] [DEBUG] [/home/zt/server/tcp_server/src/net/epoll.cpp:73] Epoll wait: 1 events ready
[2026-04-17 22:18:25] [Thread:140664171902528] [DEBUG] [/home/zt/server/tcp_server/src/net/epoll.cpp:52] Epoll modify fd=6, events=3221225477
[2026-04-17 22:18:25] [Thread:140664171902528] [DEBUG] [/home/zt/server/tcp_server/src/net/epoll.cpp:73] Epoll wait: 1 events ready
[2026-04-17 22:18:25] [Thread:140664171902528] [DEBUG] [/home/zt/server/tcp_server/src/net/epoll.cpp:52] Epoll modify fd=6, events=3221225477
[2026-04-17 22:18:25] [Thread:140664171902528] [DEBUG] [/home/zt/server/tcp_server/src/net/epoll.cpp:73] Epoll wait: 1 events ready
[2026-04-17 22:18:25] [Thread:140664171902528] [DEBUG] [/home/zt/server/tcp_server/src/net/epoll.cpp:52] Epoll modify fd=6, events=3221225477
[2026-04-17 22:18:25] [Thread:140664171902528] [DEBUG] [/home/zt/server/tcp_server/src/net/epoll.cpp:73] Epoll wait: 1 events ready
[2026-04-17 22:18:25] [Thread:140664171902528] [DEBUG] [/home/zt/server/tcp_server/src/net/epoll.cpp:52] Epoll modify fd=6, events=3221225477
[2026-04-17 22:18:25] [Thread:140664171902528] [DEBUG] [/home/zt/server/tcp_server/src/net/epoll.cpp:73] Epoll wait: 1 events ready
[2026-04-17 22:18:25] [Thread:140664171902528] [DEBUG] [/home/zt/server/tcp_server/src/net/epoll.cpp:52] Epoll modify fd=6, events=3221225477
[2026-04-17 22:18:25] [Thread:140664171902528] [DEBUG] [/home/zt/server/tcp_server/src/net/epoll.cpp:73] Epoll wait: 1 events ready
[2026-04-17 22:18:26] [Thread:140664171902528] [DEBUG] [/home/zt/server/tcp_server/src/net/epoll.cpp:52] Epoll modify fd=6, events=3221225477
[2026-04-17 22:18:26] [Thread:140664171902528] [DEBUG] [/home/zt/server/tcp_server/src/net/epoll.cpp:73] Epoll wait: 1 events ready
[2026-04-17 22:18:26] [Thread:140664171902528] [DEBUG] [/home/zt/server/tcp_server/src/net/epoll.cpp:52] Epoll modify fd=6, events=3221225477
[2026-04-17 22:18:26] [Thread:140664171902528] [DEBUG] [/home/zt/server/tcp_server/src/net/epoll.cpp:73] Epoll wait: 1 events ready
[2026-04-17 22:18:26] [Thread:140664171902528] [DEBUG] [/home/zt/server/tcp_server/src/net/epoll.cpp:52] Epoll modify fd=6, events=3221225477
[2026-04-17 22:18:26] [Thread:140664171902528] [DEBUG] [/home/zt/server/tcp_server/src/net/epoll.cpp:73] Epoll wait: 1 events ready
[2026-04-17 22:18:26] [Thread:140664171902528] [DEBUG] [/home/zt/server/tcp_server/src/net/epoll.cpp:52] Epoll modify fd=6, events=3221225477
[2026-04-17 22:18:26] [Thread:140664171902528] [DEBUG] [/home/zt/server/tcp_server/src/net/epoll.cpp:73] Epoll wait: 1 events ready
[2026-04-17 22:18:26] [Thread:140664171902528] [DEBUG] [/home/zt/server/tcp_server/src/net/epoll.cpp:52] Epoll modify fd=6, events=3221225477
[2026-04-17 22:18:26] [Thread:140664171902528] [DEBUG] [/home/zt/server/tcp_server/src/net/epoll.cpp:73] Epoll wait: 1 events ready
[2026-04-17 22:18:26] [Thread:140664171902528] [DEBUG] [/home/zt/server/tcp_server/src/net/epoll.cpp:73] Epoll wait: 1 events ready
[2026-04-17 22:18:26] [Thread:140664171902528] [DEBUG] [/home/zt/server/tcp_server/src/net/epoll.cpp:52] Epoll modify fd=6, events=3221225477
[2026-04-17 22:18:26] [Thread:140664171902528] [DEBUG] [/home/zt/server/tcp_server/src/net/epoll.cpp:73] Epoll wait: 1 events ready
[2026-04-17 22:18:26] [Thread:140664171902528] [DEBUG] [/home/zt/server/tcp_server/src/net/epoll.cpp:52] Epoll modify fd=6, events=3221225477
[2026-04-17 22:18:26] [Thread:140664171902528] [DEBUG] [/home/zt/server/tcp_server/src/net/epoll.cpp:73] Epoll wait: 1 events ready
[2026-04-17 22:18:26] [Thread:140664171902528] [DEBUG] [/home/zt/server/tcp_server/src/net/epoll.cpp:52] Epoll modify fd=6, events=3221225477
[2026-04-17 22:18:26] [Thread:140664171902528] [DEBUG] [/home/zt/server/tcp_server/src/net/epoll.cpp:73] Epoll wait: 1 events ready
[2026-04-17 22:18:26] [Thread:140664171902528] [DEBUG] [/home/zt/server/tcp_server/src/net/epoll.cpp:73] Epoll wait: 1 events ready
[2026-04-17 22:18:26] [Thread:140664171902528] [DEBUG] [/home/zt/server/tcp_server/src/net/epoll.cpp:52] Epoll modify fd=6, events=3221225477
[2026-04-17 22:18:26] [Thread:140664171902528] [DEBUG] [/home/zt/server/tcp_server/src/net/epoll.cpp:73] Epoll wait: 1 events ready
[2026-04-17 22:18:26] [Thread:140664171902528] [DEBUG] [/home/zt/server/tcp_server/src/net/epoll.cpp:52] Epoll modify fd=6, events=3221225477
[2026-04-17 22:18:26] [Thread:140664171902528] [DEBUG] [/home/zt/server/tcp_server/src/net/epoll.cpp:73] Epoll wait: 1 events ready
[2026-04-17 22:18:26] [Thread:140664171902528] [DEBUG] [/home/zt/server/tcp_server/src/net/epoll.cpp:52] Epoll modify fd=6, events=3221225477
[2026-04-17 22:18:26] [Thread:140664171902528] [DEBUG] [/home/zt/server/tcp_server/src/net/epoll.cpp:73] Epoll wait: 1 events ready
[2026-04-17 22:18:26] [Thread:140664171902528] [DEBUG] [/home/zt/server/tcp_server/src/net/epoll.cpp:52] Epoll modify fd=6, events=3221225477
[2026-04-17 22:18:26] [Thread:140664171902528] [DEBUG] [/home/zt/server/tcp_server/src/net/epoll.cpp:73] Epoll wait: 1 events ready
[2026-04-17 22:18:26] [Thread:140664171902528] [DEBUG] [/home/zt/server/tcp_server/src/net/epoll.cpp:52] Epoll modify fd=6, events=3221225477
[2026-04-17 22:18:26] [Thread:140664171902528] [DEBUG] [/home/zt/server/tcp_server/src/net/epoll.cpp:73] Epoll wait: 1 events ready
[2026-04-17 22:18:26] [Thread:140664171902528] [DEBUG] [/home/zt/server/tcp_server/src/net/epoll.cpp:52] Epoll modify fd=6, events=3221225477
[2026-04-17 22:18:26] [Thread:140664171902528] [DEBUG] [/home/zt/server/tcp_server/src/net/epoll.cpp:73] Epoll wait: 1 events ready
[2026-04-17 22:18:26] [Thread:140664171902528] [DEBUG] [/home/zt/server/tcp_server/src/net/epoll.cpp:52] Epoll modify fd=6, events=3221225477
[2026-04-17 22:18:26] [Thread:140664171902528] [DEBUG] [/home/zt/server/tcp_server/src/net/epoll.cpp:73] Epoll wait: 1 events ready
[2026-04-17 22:18:26] [Thread:140664171902528] [DEBUG] [/home/zt/server/tcp_server/src/net/epoll.cpp:52] Epoll modify fd=6, events=3221225477
[2026-04-17 22:18:26] [Thread:140664171902528] [DEBUG] [/home/zt/server/tcp_server/src/net/epoll.cpp:73] Epoll wait: 1 events ready
[2026-04-17 22:18:26] [Thread:140664171902528] [DEBUG] [/home/zt/server/tcp_server/src/net/epoll.cpp:52] Epoll modify fd=6, events=3221225477
[2026-04-17 22:18:26] [Thread:140664171902528] [DEBUG] [/home/zt/server/tcp_server/src/net/epoll.cpp:73] Epoll wait: 1 events ready
[2026-04-17 22:18:26] [Thread:140664171902528] [DEBUG] [/home/zt/server/tcp_server/src/net/epoll.cpp:52] Epoll modify fd=6, events=3221225477
[2026-04-17 22:18:26] [Thread:140664171902528] [DEBUG] [/home/zt/server/tcp_server/src/net/epoll.cpp:73] Epoll wait: 1 events ready
[2026-04-17 22:18:26] [Thread:140664171902528] [DEBUG] [/home/zt/server/tcp_server/src/net/epoll.cpp:73] Epoll wait: 1 events ready
[2026-04-17 22:18:26] [Thread:140664171902528] [DEBUG] [/home/zt/server/tcp_server/src/net/epoll.cpp:52] Epoll modify fd=6, events=3221225477
[2026-04-17 22:18:26] [Thread:140664171902528] [DEBUG] [/home/zt/server/tcp_server/src/net/epoll.cpp:73] Epoll wait: 1 events ready
[2026-04-17 22:18:26] [Thread:140664171902528] [DEBUG] [/home/zt/server/tcp_server/src/net/epoll.cpp:52] Epoll modify fd=6, events=3221225477
[2026-04-17 22:18:26] [Thread:140664171902528] [DEBUG] [/home/zt/server/tcp_server/src/net/epoll.cpp:73] Epoll wait: 1 events ready
[2026-04-17 22:18:26] [Thread:140664171902528] [DEBUG] [/home/zt/server/tcp_server/src/net/epoll.cpp:52] Epoll modify fd=6, events=3221225477
[2026-04-17 22:18:26] [Thread:140664171902528] [DEBUG] [/home/zt/server/tcp_server/src/net/epoll.cpp:73] Epoll wait: 1 events ready
[2026-04-17 22:18:26] [Thread:140664171902528] [DEBUG] [/home/zt/server/tcp_server/src/net/epoll.cpp:52] Epoll modify fd=6, events=3221225477
[2026-04-17 22:18:26] [Thread:140664171902528] [DEBUG] [/home/zt/server/tcp_server/src/net/epoll.cpp:73] Epoll wait: 1 events ready
[2026-04-17 22:18:26] [Thread:140664171902528] [DEBUG] [/home/zt/server/tcp_server/src/net/epoll.cpp:52] Epoll modify fd=6, events=3221225477
[2026-04-17 22:18:26] [Thread:140664171902528] [DEBUG] [/home/zt/server/tcp_server/src/net/epoll.cpp:73] Epoll wait: 1 events ready
[2026-04-17 22:18:26] [Thread:140664171902528] [DEBUG] [/home/zt/server/tcp_server/src/net/epoll.cpp:52] Epoll modify fd=6, events=3221225477
[2026-04-17 22:18:26] [Thread:140664171902528] [DEBUG] [/home/zt/server/tcp_server/src/net/epoll.cpp:73] Epoll wait: 1 events ready
[2026-04-17 22:18:26] [Thread:140664171902528] [DEBUG] [/home/zt/server/tcp_server/src/net/epoll.cpp:52] Epoll modify fd=6, events=3221225477
[2026-04-17 22:18:26] [Thread:140664171902528] [DEBUG] [/home/zt/server/tcp_server/src/net/epoll.cpp:52] Epoll modify fd=6, events=3221225477
[2026-04-17 22:18:26] [Thread:140664171902528] [DEBUG] [/home/zt/server/tcp_server/src/net/epoll.cpp:73] Epoll wait: 1 events ready
[2026-04-17 22:18:26] [Thread:140664171902528] [DEBUG] [/home/zt/server/tcp_server/src/net/epoll.cpp:52] Epoll modify fd=6, events=3221225477
[2026-04-17 22:18:26] [Thread:140664171902528] [DEBUG] [/home/zt/server/tcp_server/src/net/epoll.cpp:73] Epoll wait: 1 events ready
[2026-04-17 22:18:26] [Thread:140664171902528] [DEBUG] [/home/zt/server/tcp_server/src/net/epoll.cpp:52] Epoll modify fd=6, events=3221225477
[2026-04-17 22:18:26] [Thread:140664171902528] [DEBUG] [/home/zt/server/tcp_server/src/net/epoll.cpp:73] Epoll wait: 1 events ready
[2026-04-17 22:18:26] [Thread:140664171902528] [DEBUG] [/home/zt/server/tcp_server/src/net/epoll.cpp:52] Epoll modify fd=6, events=3221225477
[2026-04-17 22:18:26] [Thread:140664171902528] [DEBUG] [/home/zt/server/tcp_server/src/net/epoll.cpp:73] Epoll wait: 1 events ready
[2026-04-17 22:18:26] [Thread:140664171902528] [DEBUG] [/home/zt/server/tcp_server/src/net/epoll.cpp:52] Epoll modify fd=6, events=3221225477
[2026-04-17 22:18:26] [Thread:140664171902528] [DEBUG] [/home/zt/server/tcp_server/src/net/epoll.cpp:73] Epoll wait: 1 events ready
[2026-04-17 22:18:26] [Thread:140664171902528] [DEBUG] [/home/zt/server/tcp_server/src/net/epoll.cpp:52] Epoll modify fd=6, events=3221225477
[2026-04-17 22:18:26] [Thread:140664171902528] [DEBUG] [/home/zt/server/tcp_server/src/net/epoll.cpp:73] Epoll wait: 1 events ready
[2026-04-17 22:18:26] [Thread:140664171902528] [DEBUG] [/home/zt/server/tcp_server/src/net/epoll.cpp:52] Epoll modify fd=6, events=3221225477
[2026-04-17 22:18:26] [Thread:140664171902528] [DEBUG] [/home/zt/server/tcp_server/src/net/epoll.cpp:73] Epoll wait: 1 events ready
[2026-04-17 22:18:26] [Thread:140664171902528] [DEBUG] [/home/zt/server/tcp_server/src/net/epoll.cpp:52] Epoll modify fd=6, events=3221225477
[2026-04-17 22:18:26] [Thread:140664171902528] [DEBUG] [/home/zt/server/tcp_server/src/net/epoll.cpp:73] Epoll wait: 1 events ready
[2026-04-17 22:18:26] [Thread:140664171902528] [DEBUG] [/home/zt/server/tcp_server/src/net/epoll.cpp:52] Epoll modify fd=6, events=3221225477
[2026-04-17 22:18:26] [Thread:140664171902528] [DEBUG] [/home/zt/server/tcp_server/src/net/epoll.cpp:73] Epoll wait: 1 events ready
[2026-04-17 22:18:26] [Thread:140664171902528] [DEBUG] [/home/zt/server/tcp_server/src/net/epoll.cpp:52] Epoll modify fd=6, events=3221225477
[2026-04-17 22:18:26] [Thread:140664171902528] [DEBUG] [/home/zt/server/tcp_server/src/net/epoll.cpp:73] Epoll wait: 1 events ready
[2026-04-17 22:18:26] [Thread:140664171902528] [DEBUG] [/home/zt/server/tcp_server/src/net/epoll.cpp:73] Epoll wait: 1 events ready
[2026-04-17 22:18:26] [Thread:140664171902528] [DEBUG] [/home/zt/server/tcp_server/src/net/epoll.cpp:52] Epoll modify fd=6, events=3221225477
[2026-04-17 22:18:26] [Thread:140664171902528] [DEBUG] [/home/zt/server/tcp_server/src/net/epoll.cpp:73] Epoll wait: 1 events ready
[2026-04-17 22:18:26] [Thread:140664171902528] [DEBUG] [/home/zt/server/tcp_server/src/net/epoll.cpp:52] Epoll modify fd=6, events=3221225477
[2026-04-17 22:18:26] [Thread:140664171902528] [DEBUG] [/home/zt/server/tcp_server/src/net/epoll.cpp:73] Epoll wait: 1 events ready
[2026-04-17 22:18:26] [Thread:140664171902528] [DEBUG] [/home/zt/server/tcp_server/src/net/epoll.cpp:52] Epoll modify fd=6, events=3221225477
[2026-04-17 22:18:26] [Thread:140664171902528] [DEBUG] [/home/zt/server/tcp_server/src/net/epoll.cpp:73] Epoll wait: 1 events ready
[2026-04-17 22:18:26] [Thread:140664171902528] [DEBUG] [/home/zt/server/tcp_server/src/net/epoll.cpp:52] Epoll modify fd=6, events=3221225477
[2026-04-17 22:18:26] [Thread:140664171902528] [DEBUG] [/home/zt/server/tcp_server/src/net/epoll.cpp:73] Epoll wait: 1 events ready
[2026-04-17 22:18:26] [Thread:140664171902528] [DEBUG] [/home/zt/server/tcp_server/src/net/epoll.cpp:52] Epoll modify fd=6, events=3221225477
[2026-04-17 22:18:26] [Thread:140664171902528] [DEBUG] [/home/zt/server/tcp_server/src/net/epoll.cpp:73] Epoll wait: 1 events ready
[2026-04-17 22:18:26] [Thread:140664171902528] [DEBUG] [/home/zt/server/tcp_server/src/net/epoll.cpp:52] Epoll modify fd=6, events=3221225477
[2026-04-17 22:18:26] [Thread:140664171902528] [DEBUG] [/home/zt/server/tcp_server/src/net/epoll.cpp:73] Epoll wait: 1 events ready
[2026-04-17 22:18:26] [Thread:140664171902528] [DEBUG] [/home/zt/server/tcp_server/src/net/epoll.cpp:52] Epoll modify fd=6, events=3221225477
[2026-04-17 22:18:26] [Thread:140664171902528] [DEBUG] [/home/zt/server/tcp_server/src/net/epoll.cpp:73] Epoll wait: 1 events ready
[2026-04-17 22:18:26] [Thread:140664171902528] [DEBUG] [/home/zt/server/tcp_server/src/net/epoll.cpp:52] Epoll modify fd=6, events=3221225477
[2026-04-17 22:18:26] [Thread:140664171902528] [DEBUG] [/home/zt/server/tcp_server/src/net/epoll.cpp:73] Epoll wait: 1 events ready
[2026-04-17 22:18:26] [Thread:140664171902528] [DEBUG] [/home/zt/server/tcp_server/src/net/epoll.cpp:52] Epoll modify fd=6, events=3221225477
[2026-04-17 22:18:26] [Thread:140664171902528] [DEBUG] [/home/zt/server/tcp_server/src/net/epoll.cpp:73] Epoll wait: 1 events ready
[2026-04-17 22:18:26] [Thread:140664171902528] [DEBUG] [/home/zt/server/tcp_server/src/net/epoll.cpp:52] Epoll modify fd=6, events=3221225477
[2026-04-17 22:18:26] [Thread:140664171902528] [DEBUG] [/home/zt/server/tcp_server/src/net/epoll.cpp:73] Epoll wait: 1 events ready
[2026-04-17 22:18:26] [Thread:140664171902528] [DEBUG] [/home/zt/server/tcp_server/src/net/epoll.cpp:52] Epoll modify fd=6, events=3221225477
[2026-04-17 22:18:26] [Thread:140664171902528] [DEBUG] [/home/zt/server/tcp_server/src/net/epoll.cpp:73] Epoll wait: 1 events ready
[2026-04-17 22:18:26] [Thread:140664171902528] [DEBUG] [/home/zt/server/tcp_server/src/net/epoll.cpp:52] Epoll modify fd=6, events=3221225477
[2026-04-17 22:18:26] [Thread:140664171902528] [DEBUG] [/home/zt/server/tcp_server/src/net/epoll.cpp:73] Epoll wait: 1 events ready
[2026-04-17 22:18:26] [Thread:140664171902528] [DEBUG] [/home/zt/server/tcp_server/src/net/epoll.cpp:52] Epoll modify fd=6, events=3221225477
[2026-04-17 22:18:26] [Thread:140664171902528] [DEBUG] [/home/zt/server/tcp_server/src/net/epoll.cpp:73] Epoll wait: 1 events ready
[2026-04-17 22:18:26] [Thread:140664171902528] [DEBUG] [/home/zt/server/tcp_server/src/net/epoll.cpp:52] Epoll modify fd=6, events=3221225477
[2026-04-17 22:18:26] [Thread:140664171902528] [DEBUG] [/home/zt/server/tcp_server/src/net/epoll.cpp:73] Epoll wait: 1 events ready
[2026-04-17 22:18:26] [Thread:140664171902528] [DEBUG] [/home/zt/server/tcp_server/src/net/epoll.cpp:52] Epoll modify fd=6, events=3221225477
[2026-04-17 22:18:26] [Thread:140664171902528] [DEBUG] [/home/zt/server/tcp_server/src/net/epoll.cpp:73] Epoll wait: 1 events ready
[2026-04-17 22:18:26] [Thread:140664171902528] [DEBUG] [/home/zt/server/tcp_server/src/net/epoll.cpp:52] Epoll modify fd=6, events=3221225477
[2026-04-17 22:18:26] [Thread:140664171902528] [DEBUG] [/home/zt/server/tcp_server/src/net/epoll.cpp:52] Epoll modify fd=6, events=3221225477
[2026-04-17 22:18:26] [Thread:140664171902528] [DEBUG] [/home/zt/server/tcp_server/src/net/epoll.cpp:73] Epoll wait: 1 events ready
[2026-04-17 22:18:26] [Thread:140664171902528] [DEBUG] [/home/zt/server/tcp_server/src/net/epoll.cpp:52] Epoll modify fd=6, events=3221225477
[2026-04-17 22:18:26] [Thread:140664171902528] [DEBUG] [/home/zt/server/tcp_server/src/net/epoll.cpp:73] Epoll wait: 1 events ready
[2026-04-17 22:18:26] [Thread:140664171902528] [DEBUG] [/home/zt/server/tcp_server/src/net/epoll.cpp:52] Epoll modify fd=6, events=3221225477
[2026-04-17 22:18:26] [Thread:140664171902528] [DEBUG] [/home/zt/server/tcp_server/src/net/epoll.cpp:73] Epoll wait: 1 events ready
[2026-04-17 22:18:26] [Thread:140664171902528] [DEBUG] [/home/zt/server/tcp_server/src/net/epoll.cpp:52] Epoll modify fd=6, events=3221225477
[2026-04-17 22:18:26] [Thread:140664171902528] [DEBUG] [/home/zt/server/tcp_server/src/net/epoll.cpp:73] Epoll wait: 1 events ready
[2026-04-17 22:18:26] [Thread:140664171902528] [DEBUG] [/home/zt/server/tcp_server/src/net/epoll.cpp:52] Epoll modify fd=6, events=3221225477
[2026-04-17 22:18:26] [Thread:140664171902528] [DEBUG] [/home/zt/server/tcp_server/src/net/epoll.cpp:52] Epoll modify fd=6, events=3221225477
[2026-04-17 22:18:26] [Thread:140664171902528] [DEBUG] [/home/zt/server/tcp_server/src/net/epoll.cpp:73] Epoll wait: 1 events ready
[2026-04-17 22:18:26] [Thread:140664171902528] [DEBUG] [/home/zt/server/tcp_server/src/net/epoll.cpp:52] Epoll modify fd=6, events=3221225477
[2026-04-17 22:18:26] [Thread:140664171902528] [DEBUG] [/home/zt/server/tcp_server/src/net/epoll.cpp:73] Epoll wait: 1 events ready
[2026-04-17 22:18:26] [Thread:140664171902528] [DEBUG] [/home/zt/server/tcp_server/src/net/epoll.cpp:52] Epoll modify fd=6, events=3221225477
[2026-04-17 22:18:26] [Thread:140664171902528] [DEBUG] [/home/zt/server/tcp_server/src/net/epoll.cpp:73] Epoll wait: 1 events ready
[2026-04-17 22:18:26] [Thread:140664171902528] [DEBUG] [/home/zt/server/tcp_server/src/net/epoll.cpp:52] Epoll modify fd=6, events=3221225477
[2026-04-17 22:18:26] [Thread:140664171902528] [DEBUG] [/home/zt/server/tcp_server/src/net/epoll.cpp:73] Epoll wait: 1 events ready
[2026-04-17 22:18:26] [Thread:140664171902528] [DEBUG] [/home/zt/server/tcp_server/src/net/epoll.cpp:52] Epoll modify fd=6, events=3221225477
[2026-04-17 22:18:26] [Thread:140664171902528] [DEBUG] [/home/zt/server/tcp_server/src/net/epoll.cpp:73] Epoll wait: 1 events ready
[2026-04-17 22:18:26] [Thread:140664171902528] [DEBUG] [/home/zt/server/tcp_server/src/net/epoll.cpp:52] Epoll modify fd=6, events=3221225477
[2026-04-17 22:18:26] [Thread:140664171902528] [DEBUG] [/home/zt/server/tcp_server/src/net/epoll.cpp:73] Epoll wait: 1 events ready
[2026-04-17 22:18:26] [Thread:140664171902528] [DEBUG] [/home/zt/server/tcp_server/src/net/epoll.cpp:52] Epoll modify fd=6, events=3221225477
[2026-04-17 22:18:26] [Thread:140664171902528] [DEBUG] [/home/zt/server/tcp_server/src/net/epoll.cpp:73] Epoll wait: 1 events ready
[2026-04-17 22:18:26] [Thread:140664171902528] [DEBUG] [/home/zt/server/tcp_server/src/net/epoll.cpp:52] Epoll modify fd=6, events=3221225477
[2026-04-17 22:18:26] [Thread:140664171902528] [DEBUG] [/home/zt/server/tcp_server/src/net/epoll.cpp:73] Epoll wait: 1 events ready
[2026-04-17 22:18:26] [Thread:140664171902528] [DEBUG] [/home/zt/server/tcp_server/src/net/epoll.cpp:52] Epoll modify fd=6, events=3221225477
[2026-04-17 22:18:26] [Thread:140664171902528] [DEBUG] [/home/zt/server/tcp_server/src/net/epoll.cpp:73] Epoll wait: 1 events ready
[2026-04-17 22:18:26] [Thread:140664171902528] [DEBUG] [/home/zt/server/tcp_server/src/net/epoll.cpp:52] Epoll modify fd=6, events=3221225477
[2026-04-17 22:18:26] [Thread:140664171902528] [DEBUG] [/home/zt/server/tcp_server/src/net/epoll.cpp:73] Epoll wait: 1 events ready
[2026-04-17 22:18:26] [Thread:140664171902528] [DEBUG] [/home/zt/server/tcp_server/src/net/epoll.cpp:52] Epoll modify fd=6, events=3221225477
[2026-04-17 22:18:26] [Thread:140664171902528] [DEBUG] [/home/zt/server/tcp_server/src/net/epoll.cpp:73] Epoll wait: 1 events ready
[2026-04-17 22:18:26] [Thread:140664171902528] [DEBUG] [/home/zt/server/tcp_server/src/net/epoll.cpp:52] Epoll modify fd=6, events=3221225477
[2026-04-17 22:18:26] [Thread:140664171902528] [DEBUG] [/home/zt/server/tcp_server/src/net/epoll.cpp:73] Epoll wait: 1 events ready
[2026-04-17 22:18:26] [Thread:140664171902528] [DEBUG] [/home/zt/server/tcp_server/src/net/epoll.cpp:52] Epoll modify fd=6, events=3221225477
[2026-04-17 22:18:26] [Thread:140664171902528] [DEBUG] [/home/zt/server/tcp_server/src/net/epoll.cpp:52] Epoll modify fd=6, events=3221225477
[2026-04-17 22:18:26] [Thread:140664171902528] [DEBUG] [/home/zt/server/tcp_server/src/net/epoll.cpp:73] Epoll wait: 1 events ready
[2026-04-17 22:18:26] [Thread:140664171902528] [DEBUG] [/home/zt/server/tcp_server/src/net/epoll.cpp:52] Epoll modify fd=6, events=3221225477
[2026-04-17 22:18:26] [Thread:140664171902528] [DEBUG] [/home/zt/server/tcp_server/src/net/epoll.cpp:73] Epoll wait: 1 events ready
[2026-04-17 22:18:26] [Thread:140664171902528] [DEBUG] [/home/zt/server/tcp_server/src/net/epoll.cpp:52] Epoll modify fd=6, events=3221225477
[2026-04-17 22:18:26] [Thread:140664171902528] [DEBUG] [/home/zt/server/tcp_server/src/net/epoll.cpp:73] Epoll wait: 1 events ready
[2026-04-17 22:18:26] [Thread:140664171902528] [DEBUG] [/home/zt/server/tcp_server/src/net/epoll.cpp:52] Epoll modify fd=6, events=3221225477
[2026-04-17 22:18:26] [Thread:140664171902528] [DEBUG] [/home/zt/server/tcp_server/src/net/epoll.cpp:73] Epoll wait: 1 events ready
[2026-04-17 22:18:26] [Thread:140664171902528] [DEBUG] [/home/zt/server/tcp_server/src/net/epoll.cpp:52] Epoll modify fd=6, events=3221225477
[2026-04-17 22:18:26] [Thread:140664171902528] [DEBUG] [/home/zt/server/tcp_server/src/net/epoll.cpp:73] Epoll wait: 1 events ready
[2026-04-17 22:18:26] [Thread:140664171902528] [DEBUG] [/home/zt/server/tcp_server/src/net/epoll.cpp:52] Epoll modify fd=6, events=3221225477
[2026-04-17 22:18:26] [Thread:140664171902528] [DEBUG] [/home/zt/server/tcp_server/src/net/epoll.cpp:52] Epoll modify fd=6, events=3221225477
[2026-04-17 22:18:26] [Thread:140664171902528] [DEBUG] [/home/zt/server/tcp_server/src/net/epoll.cpp:73] Epoll wait: 1 events ready
[2026-04-17 22:18:26] [Thread:140664171902528] [DEBUG] [/home/zt/server/tcp_server/src/net/epoll.cpp:52] Epoll modify fd=6, events=3221225477
[2026-04-17 22:18:26] [Thread:140664171902528] [DEBUG] [/home/zt/server/tcp_server/src/net/epoll.cpp:73] Epoll wait: 1 events ready
[2026-04-17 22:18:26] [Thread:140664171902528] [DEBUG] [/home/zt/server/tcp_server/src/net/epoll.cpp:52] Epoll modify fd=6, events=3221225477
[2026-04-17 22:18:26] [Thread:140664171902528] [DEBUG] [/home/zt/server/tcp_server/src/net/epoll.cpp:73] Epoll wait: 1 events ready
[2026-04-17 22:18:26] [Thread:140664171902528] [DEBUG] [/home/zt/server/tcp_server/src/net/epoll.cpp:52] Epoll modify fd=6, events=3221225477
[2026-04-17 22:18:26] [Thread:140664171902528] [DEBUG] [/home/zt/server/tcp_server/src/net/epoll.cpp:73] Epoll wait: 1 events ready
[2026-04-17 22:18:26] [Thread:140664171902528] [DEBUG] [/home/zt/server/tcp_server/src/net/epoll.cpp:52] Epoll modify fd=6, events=3221225477
[2026-04-17 22:18:26] [Thread:140664171902528] [DEBUG] [/home/zt/server/tcp_server/src/net/epoll.cpp:73] Epoll wait: 1 events ready
[2026-04-17 22:18:26] [Thread:140664171902528] [DEBUG] [/home/zt/server/tcp_server/src/net/epoll.cpp:52] Epoll modify fd=6, events=3221225477
[2026-04-17 22:18:26] [Thread:140664171902528] [DEBUG] [/home/zt/server/tcp_server/src/net/epoll.cpp:73] Epoll wait: 1 events ready
[2026-04-17 22:18:26] [Thread:140664171902528] [DEBUG] [/home/zt/server/tcp_server/src/net/epoll.cpp:52] Epoll modify fd=6, events=3221225477
[2026-04-17 22:18:26] [Thread:140664171902528] [DEBUG] [/home/zt/server/tcp_server/src/net/epoll.cpp:73] Epoll wait: 1 events ready
[2026-04-17 22:18:26] [Thread:140664171902528] [DEBUG] [/home/zt/server/tcp_server/src/net/epoll.cpp:52] Epoll modify fd=6, events=3221225477
[2026-04-17 22:18:26] [Thread:140664171902528] [DEBUG] [/home/zt/server/tcp_server/src/net/epoll.cpp:73] Epoll wait: 1 events ready
[2026-04-17 22:18:26] [Thread:140664171902528] [DEBUG] [/home/zt/server/tcp_server/src/net/epoll.cpp:52] Epoll modify fd=6, events=3221225477
[2026-04-17 22:18:26] [Thread:140664171902528] [DEBUG] [/home/zt/server/tcp_server/src/net/epoll.cpp:73] Epoll wait: 1 events ready
[2026-04-17 22:18:26] [Thread:140664171902528] [DEBUG] [/home/zt/server/tcp_server/src/net/epoll.cpp:52] Epoll modify fd=6, events=3221225477
[2026-04-17 22:18:26] [Thread:140664171902528] [DEBUG] [/home/zt/server/tcp_server/src/net/epoll.cpp:73] Epoll wait: 1 events ready
[2026-04-17 22:18:26] [Thread:140664171902528] [DEBUG] [/home/zt/server/tcp_server/src/net/epoll.cpp:52] Epoll modify fd=6, events=3221225477
[2026-04-17 22:18:26] [Thread:140664171902528] [DEBUG] [/home/zt/server/tcp_server/src/net/epoll.cpp:73] Epoll wait: 1 events ready
[2026-04-17 22:18:26] [Thread:140664171902528] [DEBUG] [/home/zt/server/tcp_server/src/net/epoll.cpp:52] Epoll modify fd=6, events=3221225477
[2026-04-17 22:18:26] [Thread:140664171902528] [DEBUG] [/home/zt/server/tcp_server/src/net/epoll.cpp:73] Epoll wait: 1 events ready
[2026-04-17 22:18:26] [Thread:140664171902528] [DEBUG] [/home/zt/server/tcp_server/src/net/epoll.cpp:52] Epoll modify fd=6, events=3221225477
[2026-04-17 22:18:26] [Thread:140664171902528] [DEBUG] [/home/zt/server/tcp_server/src/net/epoll.cpp:73] Epoll wait: 1 events ready
[2026-04-17 22:18:26] [Thread:140664171902528] [DEBUG] [/home/zt/server/tcp_server/src/net/epoll.cpp:52] Epoll modify fd=6, events=3221225477
[2026-04-17 22:18:26] [Thread:140664171902528] [DEBUG] [/home/zt/server/tcp_server/src/net/epoll.cpp:73] Epoll wait: 1 events ready
[2026-04-17 22:18:26] [Thread:140664171902528] [DEBUG] [/home/zt/server/tcp_server/src/net/epoll.cpp:52] Epoll modify fd=6, events=3221225477
[2026-04-17 22:18:26] [Thread:140664171902528] [DEBUG] [/home/zt/server/tcp_server/src/net/epoll.cpp:73] Epoll wait: 1 events ready
[2026-04-17 22:18:26] [Thread:140664171902528] [DEBUG] [/home/zt/server/tcp_server/src/net/epoll.cpp:52] Epoll modify fd=6, events=3221225477
[2026-04-17 22:18:26] [Thread:140664171902528] [DEBUG] [/home/zt/server/tcp_server/src/net/epoll.cpp:73] Epoll wait: 1 events ready
[2026-04-17 22:18:26] [Thread:140664171902528] [DEBUG] [/home/zt/server/tcp_server/src/net/epoll.cpp:52] Epoll modify fd=6, events=3221225477
[2026-04-17 22:18:26] [Thread:140664171902528] [DEBUG] [/home/zt/server/tcp_server/src/net/epoll.cpp:73] Epoll wait: 1 events ready
[2026-04-17 22:18:26] [Thread:140664171902528] [DEBUG] [/home/zt/server/tcp_server/src/net/epoll.cpp:52] Epoll modify fd=6, events=3221225477
[2026-04-17 22:18:26] [Thread:140664171902528] [DEBUG] [/home/zt/server/tcp_server/src/net/epoll.cpp:73] Epoll wait: 1 events ready
[2026-04-17 22:18:26] [Thread:140664171902528] [DEBUG] [/home/zt/server/tcp_server/src/net/epoll.cpp:52] Epoll modify fd=6, events=3221225477
[2026-04-17 22:18:26] [Thread:140664171902528] [DEBUG] [/home/zt/server/tcp_server/src/net/epoll.cpp:73] Epoll wait: 1 events ready
[2026-04-17 22:18:26] [Thread:140664171902528] [DEBUG] [/home/zt/server/tcp_server/src/net/epoll.cpp:52] Epoll modify fd=6, events=3221225477
[2026-04-17 22:18:26] [Thread:140664171902528] [DEBUG] [/home/zt/server/tcp_server/src/net/epoll.cpp:73] Epoll wait: 1 events ready
[2026-04-17 22:18:26] [Thread:140664171902528] [DEBUG] [/home/zt/server/tcp_server/src/net/epoll.cpp:52] Epoll modify fd=6, events=3221225477
[2026-04-17 22:18:26] [Thread:140664171902528] [DEBUG] [/home/zt/server/tcp_server/src/net/epoll.cpp:73] Epoll wait: 1 events ready
[2026-04-17 22:18:26] [Thread:140664171902528] [DEBUG] [/home/zt/server/tcp_server/src/net/epoll.cpp:52] Epoll modify fd=6, events=3221225477
[2026-04-17 22:18:26] [Thread:140664171902528] [DEBUG] [/home/zt/server/tcp_server/src/net/epoll.cpp:73] Epoll wait: 1 events ready
[2026-04-17 22:18:26] [Thread:140664171902528] [DEBUG] [/home/zt/server/tcp_server/src/net/epoll.cpp:73] Epoll wait: 1 events ready
[2026-04-17 22:18:26] [Thread:140664171902528] [DEBUG] [/home/zt/server/tcp_server/src/net/epoll.cpp:52] Epoll modify fd=6, events=3221225477
[2026-04-17 22:18:26] [Thread:140664171902528] [DEBUG] [/home/zt/server/tcp_server/src/net/epoll.cpp:73] Epoll wait: 1 events ready
[2026-04-17 22:18:26] [Thread:140664171902528] [DEBUG] [/home/zt/server/tcp_server/src/net/epoll.cpp:52] Epoll modify fd=6, events=3221225477
[2026-04-17 22:18:26] [Thread:140664171902528] [DEBUG] [/home/zt/server/tcp_server/src/net/epoll.cpp:73] Epoll wait: 1 events ready
[2026-04-17 22:18:26] [Thread:140664171902528] [DEBUG] [/home/zt/server/tcp_server/src/net/epoll.cpp:52] Epoll modify fd=6, events=3221225477
[2026-04-17 22:18:26] [Thread:140664171902528] [DEBUG] [/home/zt/server/tcp_server/src/net/epoll.cpp:73] Epoll wait: 1 events ready
[2026-04-17 22:18:26] [Thread:140664171902528] [DEBUG] [/home/zt/server/tcp_server/src/net/epoll.cpp:52] Epoll modify fd=6, events=3221225477
[2026-04-17 22:18:26] [Thread:140664171902528] [DEBUG] [/home/zt/server/tcp_server/src/net/epoll.cpp:73] Epoll wait: 1 events ready
[2026-04-17 22:18:26] [Thread:140664171902528] [DEBUG] [/home/zt/server/tcp_server/src/net/epoll.cpp:52] Epoll modify fd=6, events=3221225477
[2026-04-17 22:18:26] [Thread:140664171902528] [DEBUG] [/home/zt/server/tcp_server/src/net/epoll.cpp:73] Epoll wait: 1 events ready
[2026-04-17 22:18:26] [Thread:140664171902528] [DEBUG] [/home/zt/server/tcp_server/src/net/epoll.cpp:52] Epoll modify fd=6, events=3221225477
[2026-04-17 22:18:26] [Thread:140664171902528] [DEBUG] [/home/zt/server/tcp_server/src/net/epoll.cpp:73] Epoll wait: 1 events ready
[2026-04-17 22:18:26] [Thread:140664171902528] [DEBUG] [/home/zt/server/tcp_server/src/net/epoll.cpp:73] Epoll wait: 1 events ready
[2026-04-17 22:18:26] [Thread:140664171902528] [DEBUG] [/home/zt/server/tcp_server/src/net/epoll.cpp:52] Epoll modify fd=6, events=3221225477
[2026-04-17 22:18:26] [Thread:140664171902528] [DEBUG] [/home/zt/server/tcp_server/src/net/epoll.cpp:73] Epoll wait: 1 events ready
[2026-04-17 22:18:26] [Thread:140664171902528] [DEBUG] [/home/zt/server/tcp_server/src/net/epoll.cpp:52] Epoll modify fd=6, events=3221225477
[2026-04-17 22:18:26] [Thread:140664171902528] [DEBUG] [/home/zt/server/tcp_server/src/net/epoll.cpp:73] Epoll wait: 1 events ready
[2026-04-17 22:18:26] [Thread:140664171902528] [DEBUG] [/home/zt/server/tcp_server/src/net/epoll.cpp:52] Epoll modify fd=6, events=3221225477
[2026-04-17 22:18:26] [Thread:140664171902528] [DEBUG] [/home/zt/server/tcp_server/src/net/epoll.cpp:73] Epoll wait: 1 events ready
[2026-04-17 22:18:26] [Thread:140664171902528] [DEBUG] [/home/zt/server/tcp_server/src/net/epoll.cpp:52] Epoll modify fd=6, events=3221225477
[2026-04-17 22:18:26] [Thread:140664171902528] [DEBUG] [/home/zt/server/tcp_server/src/net/epoll.cpp:73] Epoll wait: 1 events ready
[2026-04-17 22:18:26] [Thread:140664171902528] [DEBUG] [/home/zt/server/tcp_server/src/net/epoll.cpp:52] Epoll modify fd=6, events=3221225477
[2026-04-17 22:18:26] [Thread:140664171902528] [DEBUG] [/home/zt/server/tcp_server/src/net/epoll.cpp:52] Epoll modify fd=6, events=3221225477
[2026-04-17 22:18:26] [Thread:140664171902528] [DEBUG] [/home/zt/server/tcp_server/src/net/epoll.cpp:73] Epoll wait: 1 events ready
[2026-04-17 22:18:26] [Thread:140664171902528] [DEBUG] [/home/zt/server/tcp_server/src/net/epoll.cpp:52] Epoll modify fd=6, events=3221225477
[2026-04-17 22:18:26] [Thread:140664171902528] [DEBUG] [/home/zt/server/tcp_server/src/net/epoll.cpp:73] Epoll wait: 1 events ready
[2026-04-17 22:18:26] [Thread:140664171902528] [DEBUG] [/home/zt/server/tcp_server/src/net/epoll.cpp:52] Epoll modify fd=6, events=3221225477
[2026-04-17 22:18:26] [Thread:140664171902528] [DEBUG] [/home/zt/server/tcp_server/src/net/epoll.cpp:73] Epoll wait: 1 events ready
[2026-04-17 22:18:26] [Thread:140664171902528] [DEBUG] [/home/zt/server/tcp_server/src/net/epoll.cpp:52] Epoll modify fd=6, events=3221225477
[2026-04-17 22:18:26] [Thread:140664171902528] [DEBUG] [/home/zt/server/tcp_server/src/net/epoll.cpp:73] Epoll wait: 1 events ready
[2026-04-17 22:18:26] [Thread:140664171902528] [DEBUG] [/home/zt/server/tcp_server/src/net/epoll.cpp:52] Epoll modify fd=6, events=3221225477
[2026-04-17 22:18:26] [Thread:140664171902528] [DEBUG] [/home/zt/server/tcp_server/src/net/epoll.cpp:73] Epoll wait: 1 events ready
[2026-04-17 22:18:26] [Thread:140664171902528] [DEBUG] [/home/zt/server/tcp_server/src/net/epoll.cpp:52] Epoll modify fd=6, events=3221225477
[2026-04-17 22:18:26] [Thread:140664171902528] [DEBUG] [/home/zt/server/tcp_server/src/net/epoll.cpp:73] Epoll wait: 1 events ready
[2026-04-17 22:18:26] [Thread:140664171902528] [DEBUG] [/home/zt/server/tcp_server/src/net/epoll.cpp:52] Epoll modify fd=6, events=3221225477
[2026-04-17 22:18:26] [Thread:140664171902528] [DEBUG] [/home/zt/server/tcp_server/src/net/epoll.cpp:73] Epoll wait: 1 events ready
[2026-04-17 22:18:26] [Thread:140664171902528] [DEBUG] [/home/zt/server/tcp_server/src/net/epoll.cpp:52] Epoll modify fd=6, events=3221225477
[2026-04-17 22:18:26] [Thread:140664171902528] [DEBUG] [/home/zt/server/tcp_server/src/net/epoll.cpp:73] Epoll wait: 1 events ready
[2026-04-17 22:18:26] [Thread:140664171902528] [DEBUG] [/home/zt/server/tcp_server/src/net/epoll.cpp:52] Epoll modify fd=6, events=3221225477
[2026-04-17 22:18:26] [Thread:140664171902528] [DEBUG] [/home/zt/server/tcp_server/src/net/epoll.cpp:73] Epoll wait: 1 events ready
[2026-04-17 22:18:26] [Thread:140664171902528] [DEBUG] [/home/zt/server/tcp_server/src/net/epoll.cpp:73] Epoll wait: 1 events ready
[2026-04-17 22:18:26] [Thread:140664171902528] [DEBUG] [/home/zt/server/tcp_server/src/net/epoll.cpp:52] Epoll modify fd=6, events=3221225477
[2026-04-17 22:18:26] [Thread:140664171902528] [DEBUG] [/home/zt/server/tcp_server/src/net/epoll.cpp:73] Epoll wait: 1 events ready
[2026-04-17 22:18:26] [Thread:140664171902528] [DEBUG] [/home/zt/server/tcp_server/src/net/epoll.cpp:52] Epoll modify fd=6, events=3221225477
[2026-04-17 22:18:26] [Thread:140664171902528] [DEBUG] [/home/zt/server/tcp_server/src/net/epoll.cpp:73] Epoll wait: 1 events ready
[2026-04-17 22:18:26] [Thread:140664171902528] [DEBUG] [/home/zt/server/tcp_server/src/net/epoll.cpp:52] Epoll modify fd=6, events=3221225477
[2026-04-17 22:18:26] [Thread:140664171902528] [DEBUG] [/home/zt/server/tcp_server/src/net/epoll.cpp:73] Epoll wait: 1 events ready
[2026-04-17 22:18:26] [Thread:140664171902528] [DEBUG] [/home/zt/server/tcp_server/src/net/epoll.cpp:52] Epoll modify fd=6, events=3221225477
[2026-04-17 22:18:26] [Thread:140664171902528] [DEBUG] [/home/zt/server/tcp_server/src/net/epoll.cpp:73] Epoll wait: 1 events ready
[2026-04-17 22:18:26] [Thread:140664171902528] [DEBUG] [/home/zt/server/tcp_server/src/net/epoll.cpp:52] Epoll modify fd=6, events=3221225477
[2026-04-17 22:18:26] [Thread:140664171902528] [DEBUG] [/home/zt/server/tcp_server/src/net/epoll.cpp:73] Epoll wait: 1 events ready
[2026-04-17 22:18:26] [Thread:140664171902528] [DEBUG] [/home/zt/server/tcp_server/src/net/epoll.cpp:52] Epoll modify fd=6, events=3221225477
[2026-04-17 22:18:26] [Thread:140664171902528] [DEBUG] [/home/zt/server/tcp_server/src/net/epoll.cpp:73] Epoll wait: 1 events ready
[2026-04-17 22:18:26] [Thread:140664171902528] [DEBUG] [/home/zt/server/tcp_server/src/net/epoll.cpp:52] Epoll modify fd=6, events=3221225477
[2026-04-17 22:18:26] [Thread:140664171902528] [DEBUG] [/home/zt/server/tcp_server/src/net/epoll.cpp:73] Epoll wait: 1 events ready
[2026-04-17 22:18:26] [Thread:140664171902528] [DEBUG] [/home/zt/server/tcp_server/src/net/epoll.cpp:52] Epoll modify fd=6, events=3221225477
[2026-04-17 22:18:26] [Thread:140664171902528] [DEBUG] [/home/zt/server/tcp_server/src/net/epoll.cpp:73] Epoll wait: 1 events ready
[2026-04-17 22:18:26] [Thread:140664171902528] [DEBUG] [/home/zt/server/tcp_server/src/net/epoll.cpp:52] Epoll modify fd=6, events=3221225477
[2026-04-17 22:18:26] [Thread:140664171902528] [DEBUG] [/home/zt/server/tcp_server/src/net/epoll.cpp:73] Epoll wait: 1 events ready
[2026-04-17 22:18:26] [Thread:140664171902528] [DEBUG] [/home/zt/server/tcp_server/src/net/epoll.cpp:52] Epoll modify fd=6, events=3221225477
[2026-04-17 22:18:26] [Thread:140664171902528] [DEBUG] [/home/zt/server/tcp_server/src/net/epoll.cpp:73] Epoll wait: 1 events ready
[2026-04-17 22:18:26] [Thread:140664171902528] [DEBUG] [/home/zt/server/tcp_server/src/net/epoll.cpp:52] Epoll modify fd=6, events=3221225477
[2026-04-17 22:18:26] [Thread:140664171902528] [DEBUG] [/home/zt/server/tcp_server/src/net/epoll.cpp:73] Epoll wait: 1 events ready
[2026-04-17 22:18:26] [Thread:140664171902528] [DEBUG] [/home/zt/server/tcp_server/src/net/epoll.cpp:52] Epoll modify fd=6, events=3221225477
[2026-04-17 22:18:26] [Thread:140664171902528] [DEBUG] [/home/zt/server/tcp_server/src/net/epoll.cpp:73] Epoll wait: 1 events ready
[2026-04-17 22:18:26] [Thread:140664171902528] [DEBUG] [/home/zt/server/tcp_server/src/net/epoll.cpp:52] Epoll modify fd=6, events=3221225477
[2026-04-17 22:18:26] [Thread:140664171902528] [DEBUG] [/home/zt/server/tcp_server/src/net/epoll.cpp:73] Epoll wait: 1 events ready
[2026-04-17 22:18:26] [Thread:140664171902528] [DEBUG] [/home/zt/server/tcp_server/src/net/epoll.cpp:52] Epoll modify fd=6, events=3221225477
[2026-04-17 22:18:26] [Thread:140664171902528] [DEBUG] [/home/zt/server/tcp_server/src/net/epoll.cpp:73] Epoll wait: 1 events ready
[2026-04-17 22:18:26] [Thread:140664171902528] [DEBUG] [/home/zt/server/tcp_server/src/net/epoll.cpp:52] Epoll modify fd=6, events=3221225477
[2026-04-17 22:18:26] [Thread:140664171902528] [DEBUG] [/home/zt/server/tcp_server/src/net/epoll.cpp:73] Epoll wait: 1 events ready
[2026-04-17 22:18:26] [Thread:140664171902528] [DEBUG] [/home/zt/server/tcp_server/src/net/epoll.cpp:52] Epoll modify fd=6, events=3221225477
[2026-04-17 22:18:26] [Thread:140664171902528] [DEBUG] [/home/zt/server/tcp_server/src/net/epoll.cpp:73] Epoll wait: 1 events ready
[2026-04-17 22:18:26] [Thread:140664171902528] [DEBUG] [/home/zt/server/tcp_server/src/net/epoll.cpp:52] Epoll modify fd=6, events=3221225477
[2026-04-17 22:18:26] [Thread:140664171902528] [DEBUG] [/home/zt/server/tcp_server/src/net/epoll.cpp:73] Epoll wait: 1 events ready
[2026-04-17 22:18:26] [Thread:140664171902528] [DEBUG] [/home/zt/server/tcp_server/src/net/epoll.cpp:52] Epoll modify fd=6, events=3221225477
[2026-04-17 22:18:26] [Thread:140664171902528] [DEBUG] [/home/zt/server/tcp_server/src/net/epoll.cpp:73] Epoll wait: 1 events ready
[2026-04-17 22:18:26] [Thread:140664171902528] [DEBUG] [/home/zt/server/tcp_server/src/net/epoll.cpp:52] Epoll modify fd=6, events=3221225477
[2026-04-17 22:18:26] [Thread:140664171902528] [DEBUG] [/home/zt/server/tcp_server/src/net/epoll.cpp:73] Epoll wait: 1 events ready
[2026-04-17 22:18:26] [Thread:140664171902528] [DEBUG] [/home/zt/server/tcp_server/src/net/epoll.cpp:52] Epoll modify fd=6, events=3221225477
[2026-04-17 22:18:26] [Thread:140664171902528] [DEBUG] [/home/zt/server/tcp_server/src/net/epoll.cpp:73] Epoll wait: 1 events ready
[2026-04-17 22:18:26] [Thread:140664171902528] [DEBUG] [/home/zt/server/tcp_server/src/net/epoll.cpp:52] Epoll modify fd=6, events=3221225477
[2026-04-17 22:18:26] [Thread:140664171902528] [DEBUG] [/home/zt/server/tcp_server/src/net/epoll.cpp:73] Epoll wait: 1 events ready
[2026-04-17 22:18:26] [Thread:140664171902528] [DEBUG] [/home/zt/server/tcp_server/src/net/epoll.cpp:52] Epoll modify fd=6, events=3221225477
[2026-04-17 22:18:26] [Thread:140664171902528] [DEBUG] [/home/zt/server/tcp_server/src/net/epoll.cpp:52] Epoll modify fd=6, events=3221225477
[2026-04-17 22:18:26] [Thread:140664171902528] [DEBUG] [/home/zt/server/tcp_server/src/net/epoll.cpp:73] Epoll wait: 1 events ready
[2026-04-17 22:18:26] [Thread:140664171902528] [DEBUG] [/home/zt/server/tcp_server/src/net/epoll.cpp:52] Epoll modify fd=6, events=3221225477
[2026-04-17 22:18:26] [Thread:140664171902528] [DEBUG] [/home/zt/server/tcp_server/src/net/epoll.cpp:73] Epoll wait: 1 events ready
[2026-04-17 22:18:26] [Thread:140664171902528] [DEBUG] [/home/zt/server/tcp_server/src/net/epoll.cpp:52] Epoll modify fd=6, events=3221225477
[2026-04-17 22:18:26] [Thread:140664171902528] [DEBUG] [/home/zt/server/tcp_server/src/net/epoll.cpp:73] Epoll wait: 1 events ready
[2026-04-17 22:18:26] [Thread:140664171902528] [DEBUG] [/home/zt/server/tcp_server/src/net/epoll.cpp:52] Epoll modify fd=6, events=3221225477
[2026-04-17 22:18:26] [Thread:140664171902528] [DEBUG] [/home/zt/server/tcp_server/src/net/epoll.cpp:52] Epoll modify fd=6, events=3221225477
[2026-04-17 22:18:26] [Thread:140664171902528] [DEBUG] [/home/zt/server/tcp_server/src/net/epoll.cpp:73] Epoll wait: 1 events ready
[2026-04-17 22:18:26] [Thread:140664171902528] [DEBUG] [/home/zt/server/tcp_server/src/net/epoll.cpp:52] Epoll modify fd=6, events=3221225477
[2026-04-17 22:18:26] [Thread:140664171902528] [DEBUG] [/home/zt/server/tcp_server/src/net/epoll.cpp:73] Epoll wait: 1 events ready
[2026-04-17 22:18:26] [Thread:140664171902528] [DEBUG] [/home/zt/server/tcp_server/src/net/epoll.cpp:52] Epoll modify fd=6, events=3221225477
[2026-04-17 22:18:26] [Thread:140664171902528] [DEBUG] [/home/zt/server/tcp_server/src/net/epoll.cpp:73] Epoll wait: 1 events ready
[2026-04-17 22:18:26] [Thread:140664171902528] [DEBUG] [/home/zt/server/tcp_server/src/net/epoll.cpp:52] Epoll modify fd=6, events=3221225477
[2026-04-17 22:18:26] [Thread:140664171902528] [DEBUG] [/home/zt/server/tcp_server/src/net/epoll.cpp:73] Epoll wait: 1 events ready
[2026-04-17 22:18:26] [Thread:140664171902528] [DEBUG] [/home/zt/server/tcp_server/src/net/epoll.cpp:52] Epoll modify fd=6, events=3221225477
[2026-04-17 22:18:26] [Thread:140664171902528] [DEBUG] [/home/zt/server/tcp_server/src/net/epoll.cpp:73] Epoll wait: 1 events ready
[2026-04-17 22:18:26] [Thread:140664171902528] [DEBUG] [/home/zt/server/tcp_server/src/net/epoll.cpp:52] Epoll modify fd=6, events=3221225477
[2026-04-17 22:18:26] [Thread:140664171902528] [DEBUG] [/home/zt/server/tcp_server/src/net/epoll.cpp:73] Epoll wait: 1 events ready
[2026-04-17 22:18:26] [Thread:140664171902528] [DEBUG] [/home/zt/server/tcp_server/src/net/epoll.cpp:52] Epoll modify fd=6, events=3221225477
[2026-04-17 22:18:26] [Thread:140664171902528] [DEBUG] [/home/zt/server/tcp_server/src/net/epoll.cpp:73] Epoll wait: 1 events ready
[2026-04-17 22:18:26] [Thread:140664171902528] [DEBUG] [/home/zt/server/tcp_server/src/net/epoll.cpp:52] Epoll modify fd=6, events=3221225477
[2026-04-17 22:18:26] [Thread:140664171902528] [DEBUG] [/home/zt/server/tcp_server/src/net/epoll.cpp:73] Epoll wait: 1 events ready
[2026-04-17 22:18:26] [Thread:140664171902528] [DEBUG] [/home/zt/server/tcp_server/src/net/epoll.cpp:52] Epoll modify fd=6, events=3221225477
[2026-04-17 22:18:26] [Thread:140664171902528] [DEBUG] [/home/zt/server/tcp_server/src/net/epoll.cpp:73] Epoll wait: 1 events ready
[2026-04-17 22:18:26] [Thread:140664171902528] [DEBUG] [/home/zt/server/tcp_server/src/net/epoll.cpp:52] Epoll modify fd=6, events=3221225477
[2026-04-17 22:18:26] [Thread:140664171902528] [DEBUG] [/home/zt/server/tcp_server/src/net/epoll.cpp:73] Epoll wait: 1 events ready
[2026-04-17 22:18:26] [Thread:140664171902528] [DEBUG] [/home/zt/server/tcp_server/src/net/epoll.cpp:52] Epoll modify fd=6, events=3221225477
[2026-04-17 22:18:26] [Thread:140664171902528] [DEBUG] [/home/zt/server/tcp_server/src/net/epoll.cpp:73] Epoll wait: 1 events ready
[2026-04-17 22:18:26] [Thread:140664171902528] [DEBUG] [/home/zt/server/tcp_server/src/net/epoll.cpp:52] Epoll modify fd=6, events=3221225477
[2026-04-17 22:18:26] [Thread:140664171902528] [DEBUG] [/home/zt/server/tcp_server/src/net/epoll.cpp:73] Epoll wait: 1 events ready
[2026-04-17 22:18:26] [Thread:140664171902528] [DEBUG] [/home/zt/server/tcp_server/src/net/epoll.cpp:52] Epoll modify fd=6, events=3221225477
[2026-04-17 22:18:26] [Thread:140664171902528] [DEBUG] [/home/zt/server/tcp_server/src/net/epoll.cpp:73] Epoll wait: 1 events ready
[2026-04-17 22:18:26] [Thread:140664171902528] [DEBUG] [/home/zt/server/tcp_server/src/net/epoll.cpp:52] Epoll modify fd=6, events=3221225477
[2026-04-17 22:18:26] [Thread:140664171902528] [DEBUG] [/home/zt/server/tcp_server/src/net/epoll.cpp:73] Epoll wait: 1 events ready
[2026-04-17 22:18:26] [Thread:140664171902528] [DEBUG] [/home/zt/server/tcp_server/src/net/epoll.cpp:52] Epoll modify fd=6, events=3221225477
[2026-04-17 22:18:26] [Thread:140664171902528] [DEBUG] [/home/zt/server/tcp_server/src/net/epoll.cpp:73] Epoll wait: 1 events ready
[2026-04-17 22:18:26] [Thread:140664171902528] [DEBUG] [/home/zt/server/tcp_server/src/net/epoll.cpp:52] Epoll modify fd=6, events=3221225477
[2026-04-17 22:18:26] [Thread:140664171902528] [DEBUG] [/home/zt/server/tcp_server/src/net/epoll.cpp:73] Epoll wait: 1 events ready
[2026-04-17 22:18:26] [Thread:140664171902528] [DEBUG] [/home/zt/server/tcp_server/src/net/epoll.cpp:52] Epoll modify fd=6, events=3221225477
[2026-04-17 22:18:26] [Thread:140664171902528] [DEBUG] [/home/zt/server/tcp_server/src/net/epoll.cpp:73] Epoll wait: 1 events ready
[2026-04-17 22:18:26] [Thread:140664171902528] [DEBUG] [/home/zt/server/tcp_server/src/net/epoll.cpp:52] Epoll modify fd=6, events=3221225477
[2026-04-17 22:18:26] [Thread:140664171902528] [DEBUG] [/home/zt/server/tcp_server/src/net/epoll.cpp:73] Epoll wait: 1 events ready
[2026-04-17 22:18:26] [Thread:140664171902528] [DEBUG] [/home/zt/server/tcp_server/src/net/epoll.cpp:52] Epoll modify fd=6, events=3221225477
[2026-04-17 22:18:26] [Thread:140664171902528] [DEBUG] [/home/zt/server/tcp_server/src/net/epoll.cpp:73] Epoll wait: 1 events ready
[2026-04-17 22:18:26] [Thread:140664171902528] [DEBUG] [/home/zt/server/tcp_server/src/net/epoll.cpp:52] Epoll modify fd=6, events=3221225477
[2026-04-17 22:18:26] [Thread:140664171902528] [DEBUG] [/home/zt/server/tcp_server/src/net/epoll.cpp:73] Epoll wait: 1 events ready
[2026-04-17 22:18:26] [Thread:140664171902528] [DEBUG] [/home/zt/server/tcp_server/src/net/epoll.cpp:52] Epoll modify fd=6, events=3221225477
[2026-04-17 22:18:26] [Thread:140664171902528] [DEBUG] [/home/zt/server/tcp_server/src/net/epoll.cpp:52] Epoll modify fd=6, events=3221225477
[2026-04-17 22:18:26] [Thread:140664171902528] [DEBUG] [/home/zt/server/tcp_server/src/net/epoll.cpp:73] Epoll wait: 1 events ready
[2026-04-17 22:18:26] [Thread:140664171902528] [DEBUG] [/home/zt/server/tcp_server/src/net/epoll.cpp:52] Epoll modify fd=6, events=3221225477
[2026-04-17 22:18:26] [Thread:140664171902528] [DEBUG] [/home/zt/server/tcp_server/src/net/epoll.cpp:73] Epoll wait: 1 events ready
[2026-04-17 22:18:26] [Thread:140664171902528] [DEBUG] [/home/zt/server/tcp_server/src/net/epoll.cpp:52] Epoll modify fd=6, events=3221225477
[2026-04-17 22:18:26] [Thread:140664171902528] [DEBUG] [/home/zt/server/tcp_server/src/net/epoll.cpp:73] Epoll wait: 1 events ready
[2026-04-17 22:18:26] [Thread:140664171902528] [DEBUG] [/home/zt/server/tcp_server/src/net/epoll.cpp:52] Epoll modify fd=6, events=3221225477
[2026-04-17 22:18:26] [Thread:140664171902528] [DEBUG] [/home/zt/server/tcp_server/src/net/epoll.cpp:73] Epoll wait: 1 events ready
[2026-04-17 22:18:26] [Thread:140664171902528] [DEBUG] [/home/zt/server/tcp_server/src/net/epoll.cpp:52] Epoll modify fd=6, events=3221225477
[2026-04-17 22:18:26] [Thread:140664171902528] [DEBUG] [/home/zt/server/tcp_server/src/net/epoll.cpp:73] Epoll wait: 1 events ready
[2026-04-17 22:18:26] [Thread:140664171902528] [DEBUG] [/home/zt/server/tcp_server/src/net/epoll.cpp:73] Epoll wait: 1 events ready
[2026-04-17 22:18:26] [Thread:140664171902528] [DEBUG] [/home/zt/server/tcp_server/src/net/epoll.cpp:52] Epoll modify fd=6, events=3221225477
[2026-04-17 22:18:26] [Thread:140664171902528] [DEBUG] [/home/zt/server/tcp_server/src/net/epoll.cpp:73] Epoll wait: 1 events ready
[2026-04-17 22:18:26] [Thread:140664171902528] [DEBUG] [/home/zt/server/tcp_server/src/net/epoll.cpp:52] Epoll modify fd=6, events=3221225477
[2026-04-17 22:18:26] [Thread:140664171902528] [DEBUG] [/home/zt/server/tcp_server/src/net/epoll.cpp:73] Epoll wait: 1 events ready
[2026-04-17 22:18:26] [Thread:140664171902528] [DEBUG] [/home/zt/server/tcp_server/src/net/epoll.cpp:52] Epoll modify fd=6, events=3221225477
[2026-04-17 22:18:26] [Thread:140664171902528] [DEBUG] [/home/zt/server/tcp_server/src/net/epoll.cpp:73] Epoll wait: 1 events ready
[2026-04-17 22:18:26] [Thread:140664171902528] [DEBUG] [/home/zt/server/tcp_server/src/net/epoll.cpp:52] Epoll modify fd=6, events=3221225477
[2026-04-17 22:18:26] [Thread:140664171902528] [DEBUG] [/home/zt/server/tcp_server/src/net/epoll.cpp:73] Epoll wait: 1 events ready
[2026-04-17 22:18:26] [Thread:140664171902528] [DEBUG] [/home/zt/server/tcp_server/src/net/epoll.cpp:52] Epoll modify fd=6, events=3221225477
[2026-04-17 22:18:26] [Thread:140664171902528] [DEBUG] [/home/zt/server/tcp_server/src/net/epoll.cpp:73] Epoll wait: 1 events ready
[2026-04-17 22:18:26] [Thread:140664171902528] [DEBUG] [/home/zt/server/tcp_server/src/net/epoll.cpp:52] Epoll modify fd=6, events=3221225477
[2026-04-17 22:18:26] [Thread:140664171902528] [DEBUG] [/home/zt/server/tcp_server/src/net/epoll.cpp:73] Epoll wait: 1 events ready
[2026-04-17 22:18:26] [Thread:140664171902528] [DEBUG] [/home/zt/server/tcp_server/src/net/epoll.cpp:52] Epoll modify fd=6, events=3221225477
[2026-04-17 22:18:26] [Thread:140664171902528] [DEBUG] [/home/zt/server/tcp_server/src/net/epoll.cpp:73] Epoll wait: 1 events ready
[2026-04-17 22:18:26] [Thread:140664171902528] [DEBUG] [/home/zt/server/tcp_server/src/net/epoll.cpp:52] Epoll modify fd=6, events=3221225477
[2026-04-17 22:18:26] [Thread:140664171902528] [DEBUG] [/home/zt/server/tcp_server/src/net/epoll.cpp:73] Epoll wait: 1 events ready
[2026-04-17 22:18:26] [Thread:140664171902528] [DEBUG] [/home/zt/server/tcp_server/src/net/epoll.cpp:52] Epoll modify fd=6, events=3221225477
[2026-04-17 22:18:26] [Thread:140664171902528] [DEBUG] [/home/zt/server/tcp_server/src/net/epoll.cpp:73] Epoll wait: 1 events ready
[2026-04-17 22:18:26] [Thread:140664171902528] [DEBUG] [/home/zt/server/tcp_server/src/net/epoll.cpp:52] Epoll modify fd=6, events=3221225477
[2026-04-17 22:18:26] [Thread:140664171902528] [DEBUG] [/home/zt/server/tcp_server/src/net/epoll.cpp:52] Epoll modify fd=6, events=3221225477
[2026-04-17 22:18:26] [Thread:140664171902528] [DEBUG] [/home/zt/server/tcp_server/src/net/epoll.cpp:73] Epoll wait: 1 events ready
[2026-04-17 22:18:26] [Thread:140664171902528] [DEBUG] [/home/zt/server/tcp_server/src/net/epoll.cpp:52] Epoll modify fd=6, events=3221225477
[2026-04-17 22:18:26] [Thread:140664171902528] [DEBUG] [/home/zt/server/tcp_server/src/net/epoll.cpp:73] Epoll wait: 1 events ready
[2026-04-17 22:18:26] [Thread:140664171902528] [DEBUG] [/home/zt/server/tcp_server/src/net/epoll.cpp:52] Epoll modify fd=6, events=3221225477
[2026-04-17 22:18:26] [Thread:140664171902528] [DEBUG] [/home/zt/server/tcp_server/src/net/epoll.cpp:73] Epoll wait: 1 events ready
[2026-04-17 22:18:26] [Thread:140664171902528] [DEBUG] [/home/zt/server/tcp_server/src/net/epoll.cpp:52] Epoll modify fd=6, events=3221225477
[2026-04-17 22:18:26] [Thread:140664171902528] [DEBUG] [/home/zt/server/tcp_server/src/net/epoll.cpp:73] Epoll wait: 1 events ready
[2026-04-17 22:18:26] [Thread:140664171902528] [DEBUG] [/home/zt/server/tcp_server/src/net/epoll.cpp:52] Epoll modify fd=6, events=3221225477
[2026-04-17 22:18:26] [Thread:140664171902528] [DEBUG] [/home/zt/server/tcp_server/src/net/epoll.cpp:73] Epoll wait: 1 events ready
[2026-04-17 22:18:26] [Thread:140664171902528] [DEBUG] [/home/zt/server/tcp_server/src/net/epoll.cpp:52] Epoll modify fd=6, events=3221225477
[2026-04-17 22:18:26] [Thread:140664171902528] [DEBUG] [/home/zt/server/tcp_server/src/net/epoll.cpp:73] Epoll wait: 1 events ready
[2026-04-17 22:18:26] [Thread:140664171902528] [DEBUG] [/home/zt/server/tcp_server/src/net/epoll.cpp:52] Epoll modify fd=6, events=3221225477
[2026-04-17 22:18:26] [Thread:140664171902528] [DEBUG] [/home/zt/server/tcp_server/src/net/epoll.cpp:52] Epoll modify fd=6, events=3221225477
[2026-04-17 22:18:26] [Thread:140664171902528] [DEBUG] [/home/zt/server/tcp_server/src/net/epoll.cpp:73] Epoll wait: 1 events ready
[2026-04-17 22:18:26] [Thread:140664171902528] [DEBUG] [/home/zt/server/tcp_server/src/net/epoll.cpp:52] Epoll modify fd=6, events=3221225477
[2026-04-17 22:18:26] [Thread:140664171902528] [DEBUG] [/home/zt/server/tcp_server/src/net/epoll.cpp:73] Epoll wait: 1 events ready
[2026-04-17 22:18:26] [Thread:140664171902528] [DEBUG] [/home/zt/server/tcp_server/src/net/epoll.cpp:52] Epoll modify fd=6, events=3221225477
[2026-04-17 22:18:26] [Thread:140664171902528] [DEBUG] [/home/zt/server/tcp_server/src/net/epoll.cpp:73] Epoll wait: 1 events ready
[2026-04-17 22:18:26] [Thread:140664171902528] [DEBUG] [/home/zt/server/tcp_server/src/net/epoll.cpp:52] Epoll modify fd=6, events=3221225477
[2026-04-17 22:18:26] [Thread:140664171902528] [DEBUG] [/home/zt/server/tcp_server/src/net/epoll.cpp:73] Epoll wait: 1 events ready
[2026-04-17 22:18:26] [Thread:140664171902528] [DEBUG] [/home/zt/server/tcp_server/src/net/epoll.cpp:52] Epoll modify fd=6, events=3221225477
[2026-04-17 22:18:26] [Thread:140664171902528] [DEBUG] [/home/zt/server/tcp_server/src/net/epoll.cpp:73] Epoll wait: 1 events ready
[2026-04-17 22:18:26] [Thread:140664171902528] [DEBUG] [/home/zt/server/tcp_server/src/net/epoll.cpp:52] Epoll modify fd=6, events=3221225477
[2026-04-17 22:18:26] [Thread:140664171902528] [DEBUG] [/home/zt/server/tcp_server/src/net/epoll.cpp:73] Epoll wait: 1 events ready
[2026-04-17 22:18:26] [Thread:140664171902528] [DEBUG] [/home/zt/server/tcp_server/src/net/epoll.cpp:52] Epoll modify fd=6, events=3221225477
[2026-04-17 22:18:26] [Thread:140664171902528] [DEBUG] [/home/zt/server/tcp_server/src/net/epoll.cpp:73] Epoll wait: 1 events ready
[2026-04-17 22:18:26] [Thread:140664171902528] [DEBUG] [/home/zt/server/tcp_server/src/net/epoll.cpp:52] Epoll modify fd=6, events=3221225477
[2026-04-17 22:18:26] [Thread:140664171902528] [DEBUG] [/home/zt/server/tcp_server/src/net/epoll.cpp:73] Epoll wait: 1 events ready
[2026-04-17 22:18:26] [Thread:140664171902528] [DEBUG] [/home/zt/server/tcp_server/src/net/epoll.cpp:52] Epoll modify fd=6, events=3221225477
[2026-04-17 22:18:26] [Thread:140664171902528] [DEBUG] [/home/zt/server/tcp_server/src/net/epoll.cpp:73] Epoll wait: 1 events ready
[2026-04-17 22:18:26] [Thread:140664171902528] [DEBUG] [/home/zt/server/tcp_server/src/net/epoll.cpp:73] Epoll wait: 1 events ready
[2026-04-17 22:18:26] [Thread:140664171902528] [DEBUG] [/home/zt/server/tcp_server/src/net/epoll.cpp:52] Epoll modify fd=6, events=3221225477
[2026-04-17 22:18:26] [Thread:140664171902528] [DEBUG] [/home/zt/server/tcp_server/src/net/epoll.cpp:73] Epoll wait: 1 events ready
[2026-04-17 22:18:26] [Thread:140664171902528] [DEBUG] [/home/zt/server/tcp_server/src/net/epoll.cpp:52] Epoll modify fd=6, events=3221225477
[2026-04-17 22:18:26] [Thread:140664171902528] [DEBUG] [/home/zt/server/tcp_server/src/net/epoll.cpp:73] Epoll wait: 1 events ready
[2026-04-17 22:18:26] [Thread:140664171902528] [DEBUG] [/home/zt/server/tcp_server/src/net/epoll.cpp:52] Epoll modify fd=6, events=3221225477
[2026-04-17 22:18:26] [Thread:140664171902528] [DEBUG] [/home/zt/server/tcp_server/src/net/epoll.cpp:73] Epoll wait: 1 events ready
[2026-04-17 22:18:26] [Thread:140664171902528] [DEBUG] [/home/zt/server/tcp_server/src/net/epoll.cpp:52] Epoll modify fd=6, events=3221225477
[2026-04-17 22:18:26] [Thread:140664171902528] [DEBUG] [/home/zt/server/tcp_server/src/net/epoll.cpp:73] Epoll wait: 1 events ready
[2026-04-17 22:18:26] [Thread:140664171902528] [DEBUG] [/home/zt/server/tcp_server/src/net/epoll.cpp:52] Epoll modify fd=6, events=3221225477
[2026-04-17 22:18:26] [Thread:140664171902528] [DEBUG] [/home/zt/server/tcp_server/src/net/epoll.cpp:73] Epoll wait: 1 events ready
[2026-04-17 22:18:26] [Thread:140664171902528] [DEBUG] [/home/zt/server/tcp_server/src/net/epoll.cpp:52] Epoll modify fd=6, events=3221225477
[2026-04-17 22:18:26] [Thread:140664171902528] [DEBUG] [/home/zt/server/tcp_server/src/net/epoll.cpp:73] Epoll wait: 1 events ready
[2026-04-17 22:18:26] [Thread:140664171902528] [DEBUG] [/home/zt/server/tcp_server/src/net/epoll.cpp:52] Epoll modify fd=6, events=3221225477
[2026-04-17 22:18:26] [Thread:140664171902528] [DEBUG] [/home/zt/server/tcp_server/src/net/epoll.cpp:73] Epoll wait: 1 events ready
[2026-04-17 22:18:26] [Thread:140664171902528] [DEBUG] [/home/zt/server/tcp_server/src/net/epoll.cpp:52] Epoll modify fd=6, events=3221225477
[2026-04-17 22:18:26] [Thread:140664171902528] [DEBUG] [/home/zt/server/tcp_server/src/net/epoll.cpp:73] Epoll wait: 1 events ready
[2026-04-17 22:18:26] [Thread:140664171902528] [DEBUG] [/home/zt/server/tcp_server/src/net/epoll.cpp:52] Epoll modify fd=6, events=3221225477
[2026-04-17 22:18:26] [Thread:140664171902528] [DEBUG] [/home/zt/server/tcp_server/src/net/epoll.cpp:73] Epoll wait: 1 events ready
[2026-04-17 22:18:26] [Thread:140664171902528] [DEBUG] [/home/zt/server/tcp_server/src/net/epoll.cpp:52] Epoll modify fd=6, events=3221225477
[2026-04-17 22:18:26] [Thread:140664171902528] [DEBUG] [/home/zt/server/tcp_server/src/net/epoll.cpp:52] Epoll modify fd=6, events=3221225477
[2026-04-17 22:18:26] [Thread:140664171902528] [DEBUG] [/home/zt/server/tcp_server/src/net/epoll.cpp:73] Epoll wait: 1 events ready
[2026-04-17 22:18:26] [Thread:140664171902528] [DEBUG] [/home/zt/server/tcp_server/src/net/epoll.cpp:52] Epoll modify fd=6, events=3221225477
[2026-04-17 22:18:26] [Thread:140664171902528] [DEBUG] [/home/zt/server/tcp_server/src/net/epoll.cpp:73] Epoll wait: 1 events ready
[2026-04-17 22:18:26] [Thread:140664171902528] [DEBUG] [/home/zt/server/tcp_server/src/net/epoll.cpp:52] Epoll modify fd=6, events=3221225477
[2026-04-17 22:18:26] [Thread:140664171902528] [DEBUG] [/home/zt/server/tcp_server/src/net/epoll.cpp:73] Epoll wait: 1 events ready
[2026-04-17 22:18:26] [Thread:140664171902528] [DEBUG] [/home/zt/server/tcp_server/src/net/epoll.cpp:52] Epoll modify fd=6, events=3221225477
[2026-04-17 22:18:26] [Thread:140664171902528] [DEBUG] [/home/zt/server/tcp_server/src/net/epoll.cpp:73] Epoll wait: 1 events ready
[2026-04-17 22:18:26] [Thread:140664171902528] [DEBUG] [/home/zt/server/tcp_server/src/net/epoll.cpp:52] Epoll modify fd=6, events=3221225477
[2026-04-17 22:18:26] [Thread:140664171902528] [DEBUG] [/home/zt/server/tcp_server/src/net/epoll.cpp:73] Epoll wait: 1 events ready
[2026-04-17 22:18:26] [Thread:140664171902528] [DEBUG] [/home/zt/server/tcp_server/src/net/epoll.cpp:52] Epoll modify fd=6, events=3221225477
[2026-04-17 22:18:26] [Thread:140664171902528] [DEBUG] [/home/zt/server/tcp_server/src/net/epoll.cpp:73] Epoll wait: 1 events ready
[2026-04-17 22:18:26] [Thread:140664171902528] [DEBUG] [/home/zt/server/tcp_server/src/net/epoll.cpp:52] Epoll modify fd=6, events=3221225477
[2026-04-17 22:18:26] [Thread:140664171902528] [DEBUG] [/home/zt/server/tcp_server/src/net/epoll.cpp:73] Epoll wait: 1 events ready
[2026-04-17 22:18:26] [Thread:140664171902528] [DEBUG] [/home/zt/server/tcp_server/src/net/epoll.cpp:52] Epoll modify fd=6, events=3221225477
[2026-04-17 22:18:26] [Thread:140664171902528] [DEBUG] [/home/zt/server/tcp_server/src/net/epoll.cpp:73] Epoll wait: 1 events ready
[2026-04-17 22:18:26] [Thread:140664171902528] [DEBUG] [/home/zt/server/tcp_server/src/net/epoll.cpp:52] Epoll modify fd=6, events=3221225477
[2026-04-17 22:18:26] [Thread:140664171902528] [DEBUG] [/home/zt/server/tcp_server/src/net/epoll.cpp:73] Epoll wait: 1 events ready
[2026-04-17 22:18:26] [Thread:140664171902528] [DEBUG] [/home/zt/server/tcp_server/src/net/epoll.cpp:52] Epoll modify fd=6, events=3221225477
[2026-04-17 22:18:26] [Thread:140664171902528] [DEBUG] [/home/zt/server/tcp_server/src/net/epoll.cpp:73] Epoll wait: 1 events ready
[2026-04-17 22:18:26] [Thread:140664171902528] [DEBUG] [/home/zt/server/tcp_server/src/net/epoll.cpp:52] Epoll modify fd=6, events=3221225477
[2026-04-17 22:18:26] [Thread:140664171902528] [DEBUG] [/home/zt/server/tcp_server/src/net/epoll.cpp:73] Epoll wait: 1 events ready
[2026-04-17 22:18:26] [Thread:140664171902528] [DEBUG] [/home/zt/server/tcp_server/src/net/epoll.cpp:52] Epoll modify fd=6, events=3221225477
[2026-04-17 22:18:26] [Thread:140664171902528] [DEBUG] [/home/zt/server/tcp_server/src/net/epoll.cpp:52] Epoll modify fd=6, events=3221225477
[2026-04-17 22:18:26] [Thread:140664171902528] [DEBUG] [/home/zt/server/tcp_server/src/net/epoll.cpp:73] Epoll wait: 1 events ready
[2026-04-17 22:18:26] [Thread:140664171902528] [DEBUG] [/home/zt/server/tcp_server/src/net/epoll.cpp:52] Epoll modify fd=6, events=3221225477
[2026-04-17 22:18:26] [Thread:140664171902528] [DEBUG] [/home/zt/server/tcp_server/src/net/epoll.cpp:73] Epoll wait: 1 events ready
[2026-04-17 22:18:26] [Thread:140664171902528] [DEBUG] [/home/zt/server/tcp_server/src/net/epoll.cpp:52] Epoll modify fd=6, events=3221225477
[2026-04-17 22:18:26] [Thread:140664171902528] [DEBUG] [/home/zt/server/tcp_server/src/net/epoll.cpp:73] Epoll wait: 1 events ready
[2026-04-17 22:18:26] [Thread:140664171902528] [DEBUG] [/home/zt/server/tcp_server/src/net/epoll.cpp:52] Epoll modify fd=6, events=3221225477
[2026-04-17 22:18:26] [Thread:140664171902528] [DEBUG] [/home/zt/server/tcp_server/src/net/epoll.cpp:73] Epoll wait: 1 events ready
[2026-04-17 22:18:26] [Thread:140664171902528] [DEBUG] [/home/zt/server/tcp_server/src/net/epoll.cpp:52] Epoll modify fd=6, events=3221225477
[2026-04-17 22:18:26] [Thread:140664171902528] [DEBUG] [/home/zt/server/tcp_server/src/net/epoll.cpp:73] Epoll wait: 1 events ready
[2026-04-17 22:18:26] [Thread:140664171902528] [DEBUG] [/home/zt/server/tcp_server/src/net/epoll.cpp:52] Epoll modify fd=6, events=3221225477
[2026-04-17 22:18:26] [Thread:140664171902528] [DEBUG] [/home/zt/server/tcp_server/src/net/epoll.cpp:73] Epoll wait: 1 events ready
[2026-04-17 22:18:26] [Thread:140664171902528] [DEBUG] [/home/zt/server/tcp_server/src/net/epoll.cpp:52] Epoll modify fd=6, events=3221225477
[2026-04-17 22:18:26] [Thread:140664171902528] [DEBUG] [/home/zt/server/tcp_server/src/net/epoll.cpp:73] Epoll wait: 1 events ready
[2026-04-17 22:18:26] [Thread:140664171902528] [DEBUG] [/home/zt/server/tcp_server/src/net/epoll.cpp:52] Epoll modify fd=6, events=3221225477
[2026-04-17 22:18:26] [Thread:140664171902528] [DEBUG] [/home/zt/server/tcp_server/src/net/epoll.cpp:73] Epoll wait: 1 events ready
[2026-04-17 22:18:26] [Thread:140664171902528] [DEBUG] [/home/zt/server/tcp_server/src/net/epoll.cpp:52] Epoll modify fd=6, events=3221225477
[2026-04-17 22:18:26] [Thread:140664171902528] [DEBUG] [/home/zt/server/tcp_server/src/net/epoll.cpp:52] Epoll modify fd=6, events=3221225477
[2026-04-17 22:18:26] [Thread:140664171902528] [DEBUG] [/home/zt/server/tcp_server/src/net/epoll.cpp:73] Epoll wait: 1 events ready
[2026-04-17 22:18:26] [Thread:140664171902528] [DEBUG] [/home/zt/server/tcp_server/src/net/epoll.cpp:52] Epoll modify fd=6, events=3221225477
[2026-04-17 22:18:26] [Thread:140664171902528] [DEBUG] [/home/zt/server/tcp_server/src/net/epoll.cpp:73] Epoll wait: 1 events ready
[2026-04-17 22:18:26] [Thread:140664171902528] [DEBUG] [/home/zt/server/tcp_server/src/net/epoll.cpp:52] Epoll modify fd=6, events=3221225477
[2026-04-17 22:18:26] [Thread:140664171902528] [DEBUG] [/home/zt/server/tcp_server/src/net/epoll.cpp:73] Epoll wait: 1 events ready
[2026-04-17 22:18:26] [Thread:140664171902528] [DEBUG] [/home/zt/server/tcp_server/src/net/epoll.cpp:52] Epoll modify fd=6, events=3221225477
[2026-04-17 22:18:26] [Thread:140664171902528] [DEBUG] [/home/zt/server/tcp_server/src/net/epoll.cpp:73] Epoll wait: 1 events ready
[2026-04-17 22:18:26] [Thread:140664171902528] [DEBUG] [/home/zt/server/tcp_server/src/net/epoll.cpp:52] Epoll modify fd=6, events=3221225477
[2026-04-17 22:18:26] [Thread:140664171902528] [DEBUG] [/home/zt/server/tcp_server/src/net/epoll.cpp:73] Epoll wait: 1 events ready
[2026-04-17 22:18:26] [Thread:140664171902528] [DEBUG] [/home/zt/server/tcp_server/src/net/epoll.cpp:52] Epoll modify fd=6, events=3221225477
[2026-04-17 22:18:26] [Thread:140664171902528] [DEBUG] [/home/zt/server/tcp_server/src/net/epoll.cpp:73] Epoll wait: 1 events ready
[2026-04-17 22:18:26] [Thread:140664171902528] [DEBUG] [/home/zt/server/tcp_server/src/net/epoll.cpp:52] Epoll modify fd=6, events=3221225477
[2026-04-17 22:18:26] [Thread:140664171902528] [DEBUG] [/home/zt/server/tcp_server/src/net/epoll.cpp:73] Epoll wait: 1 events ready
[2026-04-17 22:18:26] [Thread:140664171902528] [DEBUG] [/home/zt/server/tcp_server/src/net/epoll.cpp:52] Epoll modify fd=6, events=3221225477
[2026-04-17 22:18:26] [Thread:140664171902528] [DEBUG] [/home/zt/server/tcp_server/src/net/epoll.cpp:73] Epoll wait: 1 events ready
[2026-04-17 22:18:26] [Thread:140664171902528] [DEBUG] [/home/zt/server/tcp_server/src/net/epoll.cpp:52] Epoll modify fd=6, events=3221225477
